<?xml version="1.0" encoding="UTF-8"?>
<testsuite xmlns:xsi="http://www.w3.org/2001/XMLSchema-instance" xsi:noNamespaceSchemaLocation="https://maven.apache.org/surefire/maven-surefire-plugin/xsd/surefire-test-report.xsd" name="org.jenkinsci.plugins.jvctb.perform.JvctbPerformerTest" time="0.41" tests="5" errors="0" skipped="0" failures="5">
  <properties>
[...]
</properties>
  <testcase name="testThatAllAttributesAreExpanded" classname="org.jenkinsci.plugins.jvctb.perform.JvctbPerformerTest" time="0.128">
    <failure message="expected:&lt;[&quot;nondada&quot;]&gt; but was:&lt;[ViolationsToBitbucketServerConfig [commentOnlyChangedContent=true, bitbucketServerUrl=AzQnMdHbDU, createCommentWithAllSingleFileComments=true, createSingleFileComments=true, projectKey=fBlSSDSlOP, pullRequestId=ZzGzSVGH4W, repoSlug=ENbvU4Oos4, credentialsId=dyqB_c1fLr, violationConfigs=[ViolationConfig [pattern=qq0LXu8hoh, reporter=gJEQ4QDunS, parser=CPPLINT], ViolationConfig [pattern=orreWzwVwM, reporter=C8UoEd21gb, parser=ANDROIDLINT], ViolationConfig [pattern=zhs6jSGj5i, reporter=8914z8cWV0, parser=DOCFX], ViolationConfig [pattern=r6uVRupZ4m, reporter=mnI8Q1TbZX, parser=KLOCWORK], ViolationConfig [pattern=gh1l1J71ut, reporter=vWjS10yxYz, parser=GOLINT]], commentOnlyChangedContentContext=1151454156, minSeverity=ERROR, keepOldComments=true]]&gt;" type="org.junit.ComparisonFailure">org.junit.ComparisonFailure: expected:&lt;["nondada"]&gt; but was:&lt;[ViolationsToBitbucketServerConfig [commentOnlyChangedContent=true, bitbucketServerUrl=AzQnMdHbDU, createCommentWithAllSingleFileComments=true, createSingleFileComments=true, projectKey=fBlSSDSlOP, pullRequestId=ZzGzSVGH4W, repoSlug=ENbvU4Oos4, credentialsId=dyqB_c1fLr, violationConfigs=[ViolationConfig [pattern=qq0LXu8hoh, reporter=gJEQ4QDunS, parser=CPPLINT], ViolationConfig [pattern=orreWzwVwM, reporter=C8UoEd21gb, parser=ANDROIDLINT], ViolationConfig [pattern=zhs6jSGj5i, reporter=8914z8cWV0, parser=DOCFX], ViolationConfig [pattern=r6uVRupZ4m, reporter=mnI8Q1TbZX, parser=KLOCWORK], ViolationConfig [pattern=gh1l1J71ut, reporter=vWjS10yxYz, parser=GOLINT]], commentOnlyChangedContentContext=1151454156, minSeverity=ERROR, keepOldComments=true]]&gt;	at sun.reflect.NativeConstructorAccessorImpl.newInstance0(Native Method)	at sun.reflect.NativeConstructorAccessorImpl.newInstance(NativeConstructorAccessorImpl.java:62)	at sun.reflect.DelegatingConstructorAccessorImpl.newInstance(DelegatingConstructorAccessorImpl.java:45)	at org.jenkinsci.plugins.jvctb.perform.JvctbPerformerTest.testThatAllAttributesAreExpanded(JvctbPerformerTest.java:29)	at sun.reflect.NativeMethodAccessorImpl.invoke0(Native Method)	at sun.reflect.NativeMethodAccessorImpl.invoke(NativeMethodAccessorImpl.java:62)	at sun.reflect.DelegatingMethodAccessorImpl.invoke(DelegatingMethodAccessorImpl.java:43)	at java.lang.reflect.Method.invoke(Method.java:498)	at org.junit.runners.model.FrameworkMethod$1.runReflectiveCall(FrameworkMethod.java:50)	at org.junit.internal.runners.model.ReflectiveCallable.run(ReflectiveCallable.java:12)	at org.junit.runners.model.FrameworkMethod.invokeExplosively(FrameworkMethod.java:47)	at org.junit.internal.runners.statements.InvokeMethod.evaluate(InvokeMethod.java:17)	at org.junit.runners.ParentRunner.runLeaf(ParentRunner.java:325)	at org.junit.runners.BlockJUnit4ClassRunner.runChild(BlockJUnit4ClassRunner.java:78)	at org.junit.runners.BlockJUnit4ClassRunner.runChild(BlockJUnit4ClassRunner.java:57)	at org.junit.runners.ParentRunner$3.run(ParentRunner.java:290)	at org.junit.runners.ParentRunner$1.schedule(ParentRunner.java:71)	at org.junit.runners.ParentRunner.runChildren(ParentRunner.java:288)	at org.junit.runners.ParentRunner.access$000(ParentRunner.java:58)	at org.junit.runners.ParentRunner$2.evaluate(ParentRunner.java:268)	at org.junit.runners.ParentRunner.run(ParentRunner.java:363)	at org.apache.maven.surefire.junit4.JUnit4Provider.execute(JUnit4Provider.java:365)	at org.apache.maven.surefire.junit4.JUnit4Provider.executeWithRerun(JUnit4Provider.java:272)	at org.apache.maven.surefire.junit4.JUnit4Provider.executeTestSet(JUnit4Provider.java:236)	at org.apache.maven.surefire.junit4.JUnit4Provider.invoke(JUnit4Provider.java:159)	at org.apache.maven.surefire.booter.ForkedBooter.invokeProviderInSameClassLoader(ForkedBooter.java:386)	at org.apache.maven.surefire.booter.ForkedBooter.runSuitesInProcess(ForkedBooter.java:323)	at org.apache.maven.surefire.booter.ForkedBooter.main(ForkedBooter.java:143)</failure>
    <system-err><![CDATA[Jun 15, 2019 7:31:16 AM org.springframework.integration.config.IntegrationRegistrar registerBuiltInBeans
WARNING: The '#jsonPath' SpEL function cannot be registered. The version of json-path found on the classpath is not supported. Supported json-path version is '0.9.1'. Upgrade to Spring Integration 4.2 or later to use json-path 1.0 or later.
]]></system-err>
    <rerunFailure message="expected:&lt;[&quot;nondada&quot;]&gt; but was:&lt;[ViolationsToBitbucketServerConfig [commentOnlyChangedContent=true, bitbucketServerUrl=s3B1OkUhmD, createCommentWithAllSingleFileComments=true, createSingleFileComments=true, projectKey=Zv9vbUGLQL, pullRequestId=xAfncocylB, repoSlug=13R1cFL4RC, credentialsId=cgqPPvJQFv, violationConfigs=[ViolationConfig [pattern=AVydcoN0QW, reporter=GjvDL6SmPy, parser=SONAR], ViolationConfig [pattern=FhilKJo97J, reporter=Eio5IiOXOs, parser=IAR], ViolationConfig [pattern=lpMUw4E3_m, reporter=tPt1nGLu7q, parser=SONAR], ViolationConfig [pattern=z3fl1Idvj1, reporter=7TTVRIbb6E, parser=LINT], ViolationConfig [pattern=G0Pv5RxJqi, reporter=B909AcGXXu, parser=SIMIAN]], commentOnlyChangedContentContext=-1496163006, minSeverity=ERROR, keepOldComments=true]]&gt;" type="org.junit.ComparisonFailure">org.junit.ComparisonFailure: expected:&lt;["nondada"]&gt; but was:&lt;[ViolationsToBitbucketServerConfig [commentOnlyChangedContent=true, bitbucketServerUrl=s3B1OkUhmD, createCommentWithAllSingleFileComments=true, createSingleFileComments=true, projectKey=Zv9vbUGLQL, pullRequestId=xAfncocylB, repoSlug=13R1cFL4RC, credentialsId=cgqPPvJQFv, violationConfigs=[ViolationConfig [pattern=AVydcoN0QW, reporter=GjvDL6SmPy, parser=SONAR], ViolationConfig [pattern=FhilKJo97J, reporter=Eio5IiOXOs, parser=IAR], ViolationConfig [pattern=lpMUw4E3_m, reporter=tPt1nGLu7q, parser=SONAR], ViolationConfig [pattern=z3fl1Idvj1, reporter=7TTVRIbb6E, parser=LINT], ViolationConfig [pattern=G0Pv5RxJqi, reporter=B909AcGXXu, parser=SIMIAN]], commentOnlyChangedContentContext=-1496163006, minSeverity=ERROR, keepOldComments=true]]&gt;	at sun.reflect.NativeConstructorAccessorImpl.newInstance0(Native Method)	at sun.reflect.NativeConstructorAccessorImpl.newInstance(NativeConstructorAccessorImpl.java:62)	at sun.reflect.DelegatingConstructorAccessorImpl.newInstance(DelegatingConstructorAccessorImpl.java:45)	at org.jenkinsci.plugins.jvctb.perform.JvctbPerformerTest.testThatAllAttributesAreExpanded(JvctbPerformerTest.java:29)	at sun.reflect.NativeMethodAccessorImpl.invoke0(Native Method)	at sun.reflect.NativeMethodAccessorImpl.invoke(NativeMethodAccessorImpl.java:62)	at sun.reflect.DelegatingMethodAccessorImpl.invoke(DelegatingMethodAccessorImpl.java:43)	at java.lang.reflect.Method.invoke(Method.java:498)	at org.junit.runners.model.FrameworkMethod$1.runReflectiveCall(FrameworkMethod.java:50)	at org.junit.internal.runners.model.ReflectiveCallable.run(ReflectiveCallable.java:12)	at org.junit.runners.model.FrameworkMethod.invokeExplosively(FrameworkMethod.java:47)	at org.junit.internal.runners.statements.InvokeMethod.evaluate(InvokeMethod.java:17)	at org.junit.runners.ParentRunner.runLeaf(ParentRunner.java:325)	at org.junit.runners.BlockJUnit4ClassRunner.runChild(BlockJUnit4ClassRunner.java:78)	at org.junit.runners.BlockJUnit4ClassRunner.runChild(BlockJUnit4ClassRunner.java:57)	at org.junit.runners.ParentRunner$3.run(ParentRunner.java:290)	at org.junit.runners.ParentRunner$1.schedule(ParentRunner.java:71)	at org.junit.runners.ParentRunner.runChildren(ParentRunner.java:288)	at org.junit.runners.ParentRunner.access$000(ParentRunner.java:58)	at org.junit.runners.ParentRunner$2.evaluate(ParentRunner.java:268)	at org.junit.runners.ParentRunner.run(ParentRunner.java:363)	at org.apache.maven.surefire.junit4.JUnit4Provider.executeFailedMethod(JUnit4Provider.java:379)	at org.apache.maven.surefire.junit4.JUnit4Provider.executeWithRerun(JUnit4Provider.java:290)	at org.apache.maven.surefire.junit4.JUnit4Provider.executeTestSet(JUnit4Provider.java:236)	at org.apache.maven.surefire.junit4.JUnit4Provider.invoke(JUnit4Provider.java:159)	at org.apache.maven.surefire.booter.ForkedBooter.invokeProviderInSameClassLoader(ForkedBooter.java:386)	at org.apache.maven.surefire.booter.ForkedBooter.runSuitesInProcess(ForkedBooter.java:323)	at org.apache.maven.surefire.booter.ForkedBooter.main(ForkedBooter.java:143)
      <system-err><![CDATA[Jun 15, 2019 7:31:16 AM org.springframework.integration.config.IntegrationRegistrar registerBuiltInBeans
    WARNING: The '#jsonPath' SpEL function cannot be registered. The version of json-path found on the classpath is not supported. Supported json-path version is '0.9.1'. Upgrade to Spring Integration 4.2 or later to use json-path 1.0 or later.
    ]]></system-err>
    </rerunFailure>
    <rerunFailure message="expected:&lt;[&quot;nondada&quot;]&gt; but was:&lt;[ViolationsToBitbucketServerConfig [commentOnlyChangedContent=true, bitbucketServerUrl=nOApddS11B, createCommentWithAllSingleFileComments=true, createSingleFileComments=true, projectKey=tthlz72ncf, pullRequestId=sQfc3KTq7u, repoSlug=SOt08S7IIt, credentialsId=5LYSJ2FVoc, violationConfigs=[ViolationConfig [pattern=rqSgFoz1Pe, reporter=JudFQZgI0S, parser=SBTSCALAC], ViolationConfig [pattern=7flcgQnOw7, reporter=G2oQ2sD7KV, parser=CSSLINT], ViolationConfig [pattern=oNPl7YYcSA, reporter=Oypzz7Tp6J, parser=KLOCWORK], ViolationConfig [pattern=OyNUUeVj3L, reporter=TDBMi5t4NL, parser=CHECKSTYLE], ViolationConfig [pattern=VOcnOg8OGH, reporter=hhLw0qS2KX, parser=MSCPP]], commentOnlyChangedContentContext=-1594051247, minSeverity=WARN, keepOldComments=true]]&gt;" type="org.junit.ComparisonFailure">org.junit.ComparisonFailure: expected:&lt;["nondada"]&gt; but was:&lt;[ViolationsToBitbucketServerConfig [commentOnlyChangedContent=true, bitbucketServerUrl=nOApddS11B, createCommentWithAllSingleFileComments=true, createSingleFileComments=true, projectKey=tthlz72ncf, pullRequestId=sQfc3KTq7u, repoSlug=SOt08S7IIt, credentialsId=5LYSJ2FVoc, violationConfigs=[ViolationConfig [pattern=rqSgFoz1Pe, reporter=JudFQZgI0S, parser=SBTSCALAC], ViolationConfig [pattern=7flcgQnOw7, reporter=G2oQ2sD7KV, parser=CSSLINT], ViolationConfig [pattern=oNPl7YYcSA, reporter=Oypzz7Tp6J, parser=KLOCWORK], ViolationConfig [pattern=OyNUUeVj3L, reporter=TDBMi5t4NL, parser=CHECKSTYLE], ViolationConfig [pattern=VOcnOg8OGH, reporter=hhLw0qS2KX, parser=MSCPP]], commentOnlyChangedContentContext=-1594051247, minSeverity=WARN, keepOldComments=true]]&gt;	at sun.reflect.NativeConstructorAccessorImpl.newInstance0(Native Method)	at sun.reflect.NativeConstructorAccessorImpl.newInstance(NativeConstructorAccessorImpl.java:62)	at sun.reflect.DelegatingConstructorAccessorImpl.newInstance(DelegatingConstructorAccessorImpl.java:45)	at org.jenkinsci.plugins.jvctb.perform.JvctbPerformerTest.testThatAllAttributesAreExpanded(JvctbPerformerTest.java:29)	at sun.reflect.NativeMethodAccessorImpl.invoke0(Native Method)	at sun.reflect.NativeMethodAccessorImpl.invoke(NativeMethodAccessorImpl.java:62)	at sun.reflect.DelegatingMethodAccessorImpl.invoke(DelegatingMethodAccessorImpl.java:43)	at java.lang.reflect.Method.invoke(Method.java:498)	at org.junit.runners.model.FrameworkMethod$1.runReflectiveCall(FrameworkMethod.java:50)	at org.junit.internal.runners.model.ReflectiveCallable.run(ReflectiveCallable.java:12)	at org.junit.runners.model.FrameworkMethod.invokeExplosively(FrameworkMethod.java:47)	at org.junit.internal.runners.statements.InvokeMethod.evaluate(InvokeMethod.java:17)	at org.junit.runners.ParentRunner.runLeaf(ParentRunner.java:325)	at org.junit.runners.BlockJUnit4ClassRunner.runChild(BlockJUnit4ClassRunner.java:78)	at org.junit.runners.BlockJUnit4ClassRunner.runChild(BlockJUnit4ClassRunner.java:57)	at org.junit.runners.ParentRunner$3.run(ParentRunner.java:290)	at org.junit.runners.ParentRunner$1.schedule(ParentRunner.java:71)	at org.junit.runners.ParentRunner.runChildren(ParentRunner.java:288)	at org.junit.runners.ParentRunner.access$000(ParentRunner.java:58)	at org.junit.runners.ParentRunner$2.evaluate(ParentRunner.java:268)	at org.junit.runners.ParentRunner.run(ParentRunner.java:363)	at org.apache.maven.surefire.junit4.JUnit4Provider.executeFailedMethod(JUnit4Provider.java:379)	at org.apache.maven.surefire.junit4.JUnit4Provider.executeWithRerun(JUnit4Provider.java:290)	at org.apache.maven.surefire.junit4.JUnit4Provider.executeTestSet(JUnit4Provider.java:236)	at org.apache.maven.surefire.junit4.JUnit4Provider.invoke(JUnit4Provider.java:159)	at org.apache.maven.surefire.booter.ForkedBooter.invokeProviderInSameClassLoader(ForkedBooter.java:386)	at org.apache.maven.surefire.booter.ForkedBooter.runSuitesInProcess(ForkedBooter.java:323)	at org.apache.maven.surefire.booter.ForkedBooter.main(ForkedBooter.java:143)
      <system-err><![CDATA[Jun 15, 2019 7:31:16 AM org.springframework.integration.config.IntegrationRegistrar registerBuiltInBeans
    WARNING: The '#jsonPath' SpEL function cannot be registered. The version of json-path found on the classpath is not supported. Supported json-path version is '0.9.1'. Upgrade to Spring Integration 4.2 or later to use json-path 1.0 or later.
    ]]></system-err>
    </rerunFailure>
    <rerunFailure message="expected:&lt;[&quot;nondada&quot;]&gt; but was:&lt;[ViolationsToBitbucketServerConfig [commentOnlyChangedContent=true, bitbucketServerUrl=4QkVMi1DsI, createCommentWithAllSingleFileComments=true, createSingleFileComments=true, projectKey=eWlW7DEdFB, pullRequestId=ZqSbOdIBt2, repoSlug=P4gi7hjXv7, credentialsId=x5FSNkyewf, violationConfigs=[ViolationConfig [pattern=kVzNI716lM, reporter=diUSKu_x2c, parser=PERLCRITIC], ViolationConfig [pattern=tLP9yEsIn6, reporter=5_NSAxK30v, parser=PYDOCSTYLE], ViolationConfig [pattern=GQT2b918s5, reporter=qm1mWVgUf5, parser=STYLECOP], ViolationConfig [pattern=Un946Mqj_H, reporter=nuxX5WYwNH, parser=MYPY], ViolationConfig [pattern=m_RKTYdFMs, reporter=XakZgq3YdL, parser=FLAKE8]], commentOnlyChangedContentContext=1701481204, minSeverity=INFO, keepOldComments=true]]&gt;" type="org.junit.ComparisonFailure">org.junit.ComparisonFailure: expected:&lt;["nondada"]&gt; but was:&lt;[ViolationsToBitbucketServerConfig [commentOnlyChangedContent=true, bitbucketServerUrl=4QkVMi1DsI, createCommentWithAllSingleFileComments=true, createSingleFileComments=true, projectKey=eWlW7DEdFB, pullRequestId=ZqSbOdIBt2, repoSlug=P4gi7hjXv7, credentialsId=x5FSNkyewf, violationConfigs=[ViolationConfig [pattern=kVzNI716lM, reporter=diUSKu_x2c, parser=PERLCRITIC], ViolationConfig [pattern=tLP9yEsIn6, reporter=5_NSAxK30v, parser=PYDOCSTYLE], ViolationConfig [pattern=GQT2b918s5, reporter=qm1mWVgUf5, parser=STYLECOP], ViolationConfig [pattern=Un946Mqj_H, reporter=nuxX5WYwNH, parser=MYPY], ViolationConfig [pattern=m_RKTYdFMs, reporter=XakZgq3YdL, parser=FLAKE8]], commentOnlyChangedContentContext=1701481204, minSeverity=INFO, keepOldComments=true]]&gt;	at sun.reflect.NativeConstructorAccessorImpl.newInstance0(Native Method)	at sun.reflect.NativeConstructorAccessorImpl.newInstance(NativeConstructorAccessorImpl.java:62)	at sun.reflect.DelegatingConstructorAccessorImpl.newInstance(DelegatingConstructorAccessorImpl.java:45)	at org.jenkinsci.plugins.jvctb.perform.JvctbPerformerTest.testThatAllAttributesAreExpanded(JvctbPerformerTest.java:29)	at sun.reflect.NativeMethodAccessorImpl.invoke0(Native Method)	at sun.reflect.NativeMethodAccessorImpl.invoke(NativeMethodAccessorImpl.java:62)	at sun.reflect.DelegatingMethodAccessorImpl.invoke(DelegatingMethodAccessorImpl.java:43)	at java.lang.reflect.Method.invoke(Method.java:498)	at org.junit.runners.model.FrameworkMethod$1.runReflectiveCall(FrameworkMethod.java:50)	at org.junit.internal.runners.model.ReflectiveCallable.run(ReflectiveCallable.java:12)	at org.junit.runners.model.FrameworkMethod.invokeExplosively(FrameworkMethod.java:47)	at org.junit.internal.runners.statements.InvokeMethod.evaluate(InvokeMethod.java:17)	at org.junit.runners.ParentRunner.runLeaf(ParentRunner.java:325)	at org.junit.runners.BlockJUnit4ClassRunner.runChild(BlockJUnit4ClassRunner.java:78)	at org.junit.runners.BlockJUnit4ClassRunner.runChild(BlockJUnit4ClassRunner.java:57)	at org.junit.runners.ParentRunner$3.run(ParentRunner.java:290)	at org.junit.runners.ParentRunner$1.schedule(ParentRunner.java:71)	at org.junit.runners.ParentRunner.runChildren(ParentRunner.java:288)	at org.junit.runners.ParentRunner.access$000(ParentRunner.java:58)	at org.junit.runners.ParentRunner$2.evaluate(ParentRunner.java:268)	at org.junit.runners.ParentRunner.run(ParentRunner.java:363)	at org.apache.maven.surefire.junit4.JUnit4Provider.executeFailedMethod(JUnit4Provider.java:379)	at org.apache.maven.surefire.junit4.JUnit4Provider.executeWithRerun(JUnit4Provider.java:290)	at org.apache.maven.surefire.junit4.JUnit4Provider.executeTestSet(JUnit4Provider.java:236)	at org.apache.maven.surefire.junit4.JUnit4Provider.invoke(JUnit4Provider.java:159)	at org.apache.maven.surefire.booter.ForkedBooter.invokeProviderInSameClassLoader(ForkedBooter.java:386)	at org.apache.maven.surefire.booter.ForkedBooter.runSuitesInProcess(ForkedBooter.java:323)	at org.apache.maven.surefire.booter.ForkedBooter.main(ForkedBooter.java:143)
      <system-err><![CDATA[Jun 15, 2019 7:31:16 AM org.springframework.integration.config.IntegrationRegistrar registerBuiltInBeans
    WARNING: The '#jsonPath' SpEL function cannot be registered. The version of json-path found on the classpath is not supported. Supported json-path version is '0.9.1'. Upgrade to Spring Integration 4.2 or later to use json-path 1.0 or later.
    ]]></system-err>
    </rerunFailure>
    <rerunFailure message="expected:&lt;[&quot;nondada&quot;]&gt; but was:&lt;[ViolationsToBitbucketServerConfig [commentOnlyChangedContent=true, bitbucketServerUrl=IoKXOGYgsK, createCommentWithAllSingleFileComments=true, createSingleFileComments=true, projectKey=6o6wWwc0QH, pullRequestId=TwiFxk522h, repoSlug=Go26ghOAz6, credentialsId=IqL5x3B5CZ, violationConfigs=[ViolationConfig [pattern=gKfupLMdyS, reporter=rbs6Mnx4UV, parser=XMLLINT], ViolationConfig [pattern=Piw9YqQ1xY, reporter=VJ2lfVnFeX, parser=XMLLINT], ViolationConfig [pattern=KJiIJlaNIO, reporter=BORlcUBYBj, parser=STYLECOP], ViolationConfig [pattern=iTTyrS6AgV, reporter=dhxTfh67xN, parser=MYPY], ViolationConfig [pattern=HhPo32YQAr, reporter=aqwTkV6oes, parser=KOTLINGRADLE]], commentOnlyChangedContentContext=175813371, minSeverity=WARN, keepOldComments=true]]&gt;" type="org.junit.ComparisonFailure">org.junit.ComparisonFailure: expected:&lt;["nondada"]&gt; but was:&lt;[ViolationsToBitbucketServerConfig [commentOnlyChangedContent=true, bitbucketServerUrl=IoKXOGYgsK, createCommentWithAllSingleFileComments=true, createSingleFileComments=true, projectKey=6o6wWwc0QH, pullRequestId=TwiFxk522h, repoSlug=Go26ghOAz6, credentialsId=IqL5x3B5CZ, violationConfigs=[ViolationConfig [pattern=gKfupLMdyS, reporter=rbs6Mnx4UV, parser=XMLLINT], ViolationConfig [pattern=Piw9YqQ1xY, reporter=VJ2lfVnFeX, parser=XMLLINT], ViolationConfig [pattern=KJiIJlaNIO, reporter=BORlcUBYBj, parser=STYLECOP], ViolationConfig [pattern=iTTyrS6AgV, reporter=dhxTfh67xN, parser=MYPY], ViolationConfig [pattern=HhPo32YQAr, reporter=aqwTkV6oes, parser=KOTLINGRADLE]], commentOnlyChangedContentContext=175813371, minSeverity=WARN, keepOldComments=true]]&gt;	at sun.reflect.NativeConstructorAccessorImpl.newInstance0(Native Method)	at sun.reflect.NativeConstructorAccessorImpl.newInstance(NativeConstructorAccessorImpl.java:62)	at sun.reflect.DelegatingConstructorAccessorImpl.newInstance(DelegatingConstructorAccessorImpl.java:45)	at org.jenkinsci.plugins.jvctb.perform.JvctbPerformerTest.testThatAllAttributesAreExpanded(JvctbPerformerTest.java:29)	at sun.reflect.NativeMethodAccessorImpl.invoke0(Native Method)	at sun.reflect.NativeMethodAccessorImpl.invoke(NativeMethodAccessorImpl.java:62)	at sun.reflect.DelegatingMethodAccessorImpl.invoke(DelegatingMethodAccessorImpl.java:43)	at java.lang.reflect.Method.invoke(Method.java:498)	at org.junit.runners.model.FrameworkMethod$1.runReflectiveCall(FrameworkMethod.java:50)	at org.junit.internal.runners.model.ReflectiveCallable.run(ReflectiveCallable.java:12)	at org.junit.runners.model.FrameworkMethod.invokeExplosively(FrameworkMethod.java:47)	at org.junit.internal.runners.statements.InvokeMethod.evaluate(InvokeMethod.java:17)	at org.junit.runners.ParentRunner.runLeaf(ParentRunner.java:325)	at org.junit.runners.BlockJUnit4ClassRunner.runChild(BlockJUnit4ClassRunner.java:78)	at org.junit.runners.BlockJUnit4ClassRunner.runChild(BlockJUnit4ClassRunner.java:57)	at org.junit.runners.ParentRunner$3.run(ParentRunner.java:290)	at org.junit.runners.ParentRunner$1.schedule(ParentRunner.java:71)	at org.junit.runners.ParentRunner.runChildren(ParentRunner.java:288)	at org.junit.runners.ParentRunner.access$000(ParentRunner.java:58)	at org.junit.runners.ParentRunner$2.evaluate(ParentRunner.java:268)	at org.junit.runners.ParentRunner.run(ParentRunner.java:363)	at org.apache.maven.surefire.junit4.JUnit4Provider.executeFailedMethod(JUnit4Provider.java:379)	at org.apache.maven.surefire.junit4.JUnit4Provider.executeWithRerun(JUnit4Provider.java:290)	at org.apache.maven.surefire.junit4.JUnit4Provider.executeTestSet(JUnit4Provider.java:236)	at org.apache.maven.surefire.junit4.JUnit4Provider.invoke(JUnit4Provider.java:159)	at org.apache.maven.surefire.booter.ForkedBooter.invokeProviderInSameClassLoader(ForkedBooter.java:386)	at org.apache.maven.surefire.booter.ForkedBooter.runSuitesInProcess(ForkedBooter.java:323)	at org.apache.maven.surefire.booter.ForkedBooter.main(ForkedBooter.java:143)
      <system-err><![CDATA[Jun 15, 2019 7:31:16 AM org.springframework.integration.config.IntegrationRegistrar registerBuiltInBeans
    WARNING: The '#jsonPath' SpEL function cannot be registered. The version of json-path found on the classpath is not supported. Supported json-path version is '0.9.1'. Upgrade to Spring Integration 4.2 or later to use json-path 1.0 or later.
    ]]></system-err>
    </rerunFailure>
  </testcase>
</testsuite>