started
[workspace] $ mvn.bat clean compile -DeclipseTarget=C:/Build/Results/jobs/ADT-Base-Target/workspace/eclipse
[INFO] Scanning for projects...
[INFO] Reactor build order:
[INFO]   Base Plug-ins of ADT
[INFO]   Unnamed - com.avaloq.adt:com.avaloq.util:source-plugin:1.2.0-SNAPSHOT
[INFO]   com.avaloq.adt.core
[INFO]   com.avaloq.adt.ui
[INFO]   Hudson Task Scanner Plug-in
[INFO] ------------------------------------------------------------------------
[INFO] Building Base Plug-ins of ADT
[INFO]    task-segment: [clean, compile]
[INFO] ------------------------------------------------------------------------
[INFO] [clean:clean]
[INFO] Deleting directory C:\Build\Results\jobs\ADT-Base\workspace\target
[INFO] Deleting directory C:\Build\Results\jobs\ADT-Base\workspace\target\classes
[INFO] Deleting directory C:\Build\Results\jobs\ADT-Base\workspace\target\test-classes
[INFO] Deleting directory C:\Build\Results\jobs\ADT-Base\workspace\target\site
[INFO] [psteclipse:update {execution: update}]
[INFO] ------------------------------------------------------------------------
[INFO] Building Unnamed - com.avaloq.adt:com.avaloq.util:source-plugin:1.2.0-SNAPSHOT
[INFO]    task-segment: [clean, compile]
[INFO] ------------------------------------------------------------------------
[INFO] [clean:clean]
[INFO] Deleting directory C:\Build\Results\jobs\ADT-Base\workspace\com.avaloq.util\target
[INFO] Deleting directory C:\Build\Results\jobs\ADT-Base\workspace\com.avaloq.util\target\classes
[INFO] Deleting directory C:\Build\Results\jobs\ADT-Base\workspace\com.avaloq.util\target\test-classes
[INFO] Deleting directory C:\Build\Results\jobs\ADT-Base\workspace\com.avaloq.util\target\site
[INFO] [cobertura:clean {execution: default}]
[INFO] [resources:resources]
[INFO] Using default encoding to copy filtered resources.
[INFO] [psteclipse:update {execution: update}]
[INFO] Defaulting prefixes to the single prefix 'com.avaloq.'.
Downloading: http://download.java.net/maven/2//com/avaloq/adt/org.junit.junit/3.8.2/org.junit.junit-3.8.2.pom
Downloading: http://repo1.maven.org/maven2/com/avaloq/adt/org.junit.junit/3.8.2/org.junit.junit-3.8.2.pom
[INFO] [compiler:compile]
[INFO] Compiling 10 source files to C:\Build\Results\jobs\ADT-Base\workspace\com.avaloq.util\target\classes
[INFO] ------------------------------------------------------------------------
[INFO] Building com.avaloq.adt.core
[INFO]    task-segment: [clean, compile]
[INFO] ------------------------------------------------------------------------
[INFO] [clean:clean]
[INFO] Deleting directory C:\Build\Results\jobs\ADT-Base\workspace\com.avaloq.adt.core\target
[INFO] Deleting directory C:\Build\Results\jobs\ADT-Base\workspace\com.avaloq.adt.core\target\classes
[INFO] Deleting directory C:\Build\Results\jobs\ADT-Base\workspace\com.avaloq.adt.core\target\test-classes
[INFO] Deleting directory C:\Build\Results\jobs\ADT-Base\workspace\com.avaloq.adt.core\target\site
[INFO] [resources:resources]
[INFO] Using default encoding to copy filtered resources.
[INFO] [psteclipse:update {execution: update}]
[INFO] Defaulting prefixes to the single prefix 'com.avaloq.'.
[INFO] [compiler:compile]
[INFO] Compiling 219 source files to C:\Build\Results\jobs\ADT-Base\workspace\com.avaloq.adt.core\target\classes
[WARNING] C:\Build\Results\jobs\ADT-Base\workspace\com.avaloq.adt.core\src\com\avaloq\adt\env\core\db\SourceDBCore.java:[1756,28] [deprecation] getCharacterOutputStream() in oracle.sql.CLOB has been deprecated

[WARNING] C:\Build\Results\jobs\ADT-Base\workspace\com.avaloq.adt.core\src\com\avaloq\adt\core\model\AvaloqCore.java:[174,58] [deprecation] createPlatformResourceURI(java.lang.String) in org.eclipse.emf.common.util.URI has been deprecated

[WARNING] C:\Build\Results\jobs\ADT-Base\workspace\com.avaloq.adt.core\src\com\avaloq\adt\env\core\db\dbobjects\DBObjectService.java:[638,18] [deprecation] getAttributeValue(com.avaloq.adt.env.core.model.dbobjects.DBObject,java.lang.String) in com.avaloq.adt.env.core.db.dbobjects.IDBObjectService has been deprecated

[INFO] ------------------------------------------------------------------------
[INFO] Building com.avaloq.adt.ui
[INFO]    task-segment: [clean, compile]
[INFO] ------------------------------------------------------------------------
[INFO] [clean:clean]
[INFO] Deleting directory C:\Build\Results\jobs\ADT-Base\workspace\com.avaloq.adt.ui\target
[INFO] Deleting directory C:\Build\Results\jobs\ADT-Base\workspace\com.avaloq.adt.ui\target\classes
[INFO] Deleting directory C:\Build\Results\jobs\ADT-Base\workspace\com.avaloq.adt.ui\target\test-classes
[INFO] Deleting directory C:\Build\Results\jobs\ADT-Base\workspace\com.avaloq.adt.ui\target\site
[INFO] [resources:resources]
[INFO] Using default encoding to copy filtered resources.
[INFO] [psteclipse:update {execution: update}]
[INFO] Defaulting prefixes to the single prefix 'com.avaloq.'.
Downloading: http://download.java.net/maven/2//com/avaloq/adt/org.apache.ant/1.7.0/org.apache.ant-1.7.0.jar
Downloading: http://repo1.maven.org/maven2/com/avaloq/adt/org.apache.ant/1.7.0/org.apache.ant-1.7.0.jar
Downloading: http://download.java.net/maven/2//com/avaloq/adt/org.apache.ant.ant/1.7.0/org.apache.ant.ant-1.7.0.pom
Downloading: http://repo1.maven.org/maven2/com/avaloq/adt/org.apache.ant.ant/1.7.0/org.apache.ant.ant-1.7.0.pom
Downloading: http://download.java.net/maven/2//com/avaloq/adt/org.apache.ant.ant-antlr/1.7.0/org.apache.ant.ant-antlr-1.7.0.pom
Downloading: http://repo1.maven.org/maven2/com/avaloq/adt/org.apache.ant.ant-antlr/1.7.0/org.apache.ant.ant-antlr-1.7.0.pom
Downloading: http://download.java.net/maven/2//com/avaloq/adt/org.apache.ant.ant-apache-bcel/1.7.0/org.apache.ant.ant-apache-bcel-1.7.0.pom
Downloading: http://repo1.maven.org/maven2/com/avaloq/adt/org.apache.ant.ant-apache-bcel/1.7.0/org.apache.ant.ant-apache-bcel-1.7.0.pom
Downloading: http://download.java.net/maven/2//com/avaloq/adt/org.apache.ant.ant-apache-bsf/1.7.0/org.apache.ant.ant-apache-bsf-1.7.0.pom
Downloading: http://repo1.maven.org/maven2/com/avaloq/adt/org.apache.ant.ant-apache-bsf/1.7.0/org.apache.ant.ant-apache-bsf-1.7.0.pom
Downloading: http://download.java.net/maven/2//com/avaloq/adt/org.apache.ant.ant-apache-log4j/1.7.0/org.apache.ant.ant-apache-log4j-1.7.0.pom
Downloading: http://repo1.maven.org/maven2/com/avaloq/adt/org.apache.ant.ant-apache-log4j/1.7.0/org.apache.ant.ant-apache-log4j-1.7.0.pom
Downloading: http://download.java.net/maven/2//com/avaloq/adt/org.apache.ant.ant-apache-oro/1.7.0/org.apache.ant.ant-apache-oro-1.7.0.pom
Downloading: http://repo1.maven.org/maven2/com/avaloq/adt/org.apache.ant.ant-apache-oro/1.7.0/org.apache.ant.ant-apache-oro-1.7.0.pom
Downloading: http://download.java.net/maven/2//com/avaloq/adt/org.apache.ant.ant-apache-regexp/1.7.0/org.apache.ant.ant-apache-regexp-1.7.0.pom
Downloading: http://repo1.maven.org/maven2/com/avaloq/adt/org.apache.ant.ant-apache-regexp/1.7.0/org.apache.ant.ant-apache-regexp-1.7.0.pom
Downloading: http://download.java.net/maven/2//com/avaloq/adt/org.apache.ant.ant-apache-resolver/1.7.0/org.apache.ant.ant-apache-resolver-1.7.0.pom
Downloading: http://repo1.maven.org/maven2/com/avaloq/adt/org.apache.ant.ant-apache-resolver/1.7.0/org.apache.ant.ant-apache-resolver-1.7.0.pom
Downloading: http://download.java.net/maven/2//com/avaloq/adt/org.apache.ant.ant-commons-logging/1.7.0/org.apache.ant.ant-commons-logging-1.7.0.pom
Downloading: http://repo1.maven.org/maven2/com/avaloq/adt/org.apache.ant.ant-commons-logging/1.7.0/org.apache.ant.ant-commons-logging-1.7.0.pom
Downloading: http://download.java.net/maven/2//com/avaloq/adt/org.apache.ant.ant-commons-net/1.7.0/org.apache.ant.ant-commons-net-1.7.0.pom
Downloading: http://repo1.maven.org/maven2/com/avaloq/adt/org.apache.ant.ant-commons-net/1.7.0/org.apache.ant.ant-commons-net-1.7.0.pom
Downloading: http://download.java.net/maven/2//com/avaloq/adt/org.apache.ant.ant-jai/1.7.0/org.apache.ant.ant-jai-1.7.0.pom
Downloading: http://repo1.maven.org/maven2/com/avaloq/adt/org.apache.ant.ant-jai/1.7.0/org.apache.ant.ant-jai-1.7.0.pom
Downloading: http://download.java.net/maven/2//com/avaloq/adt/org.apache.ant.ant-javamail/1.7.0/org.apache.ant.ant-javamail-1.7.0.pom
Downloading: http://repo1.maven.org/maven2/com/avaloq/adt/org.apache.ant.ant-javamail/1.7.0/org.apache.ant.ant-javamail-1.7.0.pom
Downloading: http://download.java.net/maven/2//com/avaloq/adt/org.apache.ant.ant-jdepend/1.7.0/org.apache.ant.ant-jdepend-1.7.0.pom
Downloading: http://repo1.maven.org/maven2/com/avaloq/adt/org.apache.ant.ant-jdepend/1.7.0/org.apache.ant.ant-jdepend-1.7.0.pom
Downloading: http://download.java.net/maven/2//com/avaloq/adt/org.apache.ant.ant-jmf/1.7.0/org.apache.ant.ant-jmf-1.7.0.pom
Downloading: http://repo1.maven.org/maven2/com/avaloq/adt/org.apache.ant.ant-jmf/1.7.0/org.apache.ant.ant-jmf-1.7.0.pom
Downloading: http://download.java.net/maven/2//com/avaloq/adt/org.apache.ant.ant-jsch/1.7.0/org.apache.ant.ant-jsch-1.7.0.pom
Downloading: http://repo1.maven.org/maven2/com/avaloq/adt/org.apache.ant.ant-jsch/1.7.0/org.apache.ant.ant-jsch-1.7.0.pom
Downloading: http://download.java.net/maven/2//com/avaloq/adt/org.apache.ant.ant-junit/1.7.0/org.apache.ant.ant-junit-1.7.0.pom
Downloading: http://repo1.maven.org/maven2/com/avaloq/adt/org.apache.ant.ant-junit/1.7.0/org.apache.ant.ant-junit-1.7.0.pom
Downloading: http://download.java.net/maven/2//com/avaloq/adt/org.apache.ant.ant-launcher/1.7.0/org.apache.ant.ant-launcher-1.7.0.pom
Downloading: http://repo1.maven.org/maven2/com/avaloq/adt/org.apache.ant.ant-launcher/1.7.0/org.apache.ant.ant-launcher-1.7.0.pom
Downloading: http://download.java.net/maven/2//com/avaloq/adt/org.apache.ant.ant-netrexx/1.7.0/org.apache.ant.ant-netrexx-1.7.0.pom
Downloading: http://repo1.maven.org/maven2/com/avaloq/adt/org.apache.ant.ant-netrexx/1.7.0/org.apache.ant.ant-netrexx-1.7.0.pom
Downloading: http://download.java.net/maven/2//com/avaloq/adt/org.apache.ant.ant-nodeps/1.7.0/org.apache.ant.ant-nodeps-1.7.0.pom
Downloading: http://repo1.maven.org/maven2/com/avaloq/adt/org.apache.ant.ant-nodeps/1.7.0/org.apache.ant.ant-nodeps-1.7.0.pom
Downloading: http://download.java.net/maven/2//com/avaloq/adt/org.apache.ant.ant-starteam/1.7.0/org.apache.ant.ant-starteam-1.7.0.pom
Downloading: http://repo1.maven.org/maven2/com/avaloq/adt/org.apache.ant.ant-starteam/1.7.0/org.apache.ant.ant-starteam-1.7.0.pom
Downloading: http://download.java.net/maven/2//com/avaloq/adt/org.apache.ant.ant-stylebook/1.7.0/org.apache.ant.ant-stylebook-1.7.0.pom
Downloading: http://repo1.maven.org/maven2/com/avaloq/adt/org.apache.ant.ant-stylebook/1.7.0/org.apache.ant.ant-stylebook-1.7.0.pom
Downloading: http://download.java.net/maven/2//com/avaloq/adt/org.apache.ant.ant-swing/1.7.0/org.apache.ant.ant-swing-1.7.0.pom
Downloading: http://repo1.maven.org/maven2/com/avaloq/adt/org.apache.ant.ant-swing/1.7.0/org.apache.ant.ant-swing-1.7.0.pom
Downloading: http://download.java.net/maven/2//com/avaloq/adt/org.apache.ant.ant-trax/1.7.0/org.apache.ant.ant-trax-1.7.0.pom
Downloading: http://repo1.maven.org/maven2/com/avaloq/adt/org.apache.ant.ant-trax/1.7.0/org.apache.ant.ant-trax-1.7.0.pom
Downloading: http://download.java.net/maven/2//com/avaloq/adt/org.apache.ant.ant-weblogic/1.7.0/org.apache.ant.ant-weblogic-1.7.0.pom
Downloading: http://repo1.maven.org/maven2/com/avaloq/adt/org.apache.ant.ant-weblogic/1.7.0/org.apache.ant.ant-weblogic-1.7.0.pom
[INFO] [compiler:compile]
[INFO] Compiling 981 source files to C:\Build\Results\jobs\ADT-Base\workspace\com.avaloq.adt.ui\target\classes
[WARNING] C:\Build\Results\jobs\ADT-Base\workspace\com.avaloq.adt.ui\src\main\java\com\avaloq\adt\internal\sourcetypes\plsql\selectionactions\SelectionHistory.java:[15,30] [deprecation] org.eclipse.jface.util.Assert in org.eclipse.jface.util has been deprecated

[WARNING] C:\Build\Results\jobs\ADT-Base\workspace\com.avaloq.adt.ui\src\main\java\com\avaloq\adt\ui\elements\AvaloqDialog.java:[12,39] [deprecation] org.eclipse.jface.contentassist.SubjectControlContentAssistant in org.eclipse.jface.contentassist has been deprecated

[WARNING] C:\Build\Results\jobs\ADT-Base\workspace\com.avaloq.adt.ui\src\main\java\com\avaloq\adt\ui\elements\AvaloqDialog.java:[40,36] [deprecation] org.eclipse.ui.contentassist.ContentAssistHandler in org.eclipse.ui.contentassist has been deprecated

[WARNING] C:\Build\Results\jobs\ADT-Base\workspace\com.avaloq.adt.ui\src\main\java\com\avaloq\adt\env\internal\ui\expression\ExpressionContentAssist.java:[23,39] [deprecation] org.eclipse.jface.contentassist.SubjectControlContentAssistant in org.eclipse.jface.contentassist has been deprecated

[WARNING] C:\Build\Results\jobs\ADT-Base\workspace\com.avaloq.adt.ui\src\main\java\com\avaloq\adt\env\internal\ui\expression\ExpressionContentAssist.java:[44,36] [deprecation] org.eclipse.ui.contentassist.ContentAssistHandler in org.eclipse.ui.contentassist has been deprecated

[WARNING] C:\Build\Results\jobs\ADT-Base\workspace\com.avaloq.adt.ui\src\main\java\com\avaloq\adt\env\internal\ui\expression\ExpressionContentAssist.java:[143,12] [deprecation] org.eclipse.jface.contentassist.SubjectControlContentAssistant in org.eclipse.jface.contentassist has been deprecated

[WARNING] C:\Build\Results\jobs\ADT-Base\workspace\com.avaloq.adt.ui\src\main\java\com\avaloq\adt\env\internal\ui\expression\ExpressionContentAssist.java:[624,11] [deprecation] org.eclipse.jface.contentassist.SubjectControlContentAssistant in org.eclipse.jface.contentassist has been deprecated

[WARNING] C:\Build\Results\jobs\ADT-Base\workspace\com.avaloq.adt.ui\src\main\java\com\avaloq\adt\env\internal\ui\dialogs\DownloadFormContentAssistProcessor.java:[17,39] [deprecation] org.eclipse.jface.contentassist.ISubjectControlContentAssistProcessor in org.eclipse.jface.contentassist has been deprecated

[WARNING] C:\Build\Results\jobs\ADT-Base\workspace\com.avaloq.adt.ui\src\main\java\com\avaloq\adt\env\internal\ui\dialogs\DownloadFormContentAssistProcessor.java:[33,16] [deprecation] org.eclipse.jface.contentassist.ISubjectControlContentAssistProcessor in org.eclipse.jface.contentassist has been deprecated

[WARNING] C:\Build\Results\jobs\ADT-Base\workspace\com.avaloq.adt.ui\src\main\java\com\avaloq\adt\ui\AvaloqImageDescriptorRegistry.java:[17,30] [deprecation] org.eclipse.jface.util.Assert in org.eclipse.jface.util has been deprecated

[WARNING] C:\Build\Results\jobs\ADT-Base\workspace\com.avaloq.adt.ui\src\main\java\com\avaloq\adt\env\internal\ui\views\issue\GatekeeperView.java:[29,33] [deprecation] org.eclipse.jface.viewers.TableTreeViewer in org.eclipse.jface.viewers has been deprecated

[WARNING] C:\Build\Results\jobs\ADT-Base\workspace\com.avaloq.adt.ui\src\main\java\com\avaloq\adt\env\internal\ui\views\issue\GatekeeperView.java:[736,11] [deprecation] org.eclipse.jface.viewers.TableTreeViewer in org.eclipse.jface.viewers has been deprecated

[WARNING] C:\Build\Results\jobs\ADT-Base\workspace\com.avaloq.adt.ui\src\main\java\com\avaloq\adt\env\internal\ui\expression\EnvCompletionProcessor.java:[19,39] [deprecation] org.eclipse.jface.contentassist.ISubjectControlContentAssistProcessor in org.eclipse.jface.contentassist has been deprecated

[WARNING] C:\Build\Results\jobs\ADT-Base\workspace\com.avaloq.adt.ui\src\main\java\com\avaloq\adt\env\internal\ui\expression\EnvCompletionProcessor.java:[36,16] [deprecation] org.eclipse.jface.contentassist.ISubjectControlContentAssistProcessor in org.eclipse.jface.contentassist has been deprecated

[WARNING] C:\Build\Results\jobs\ADT-Base\workspace\com.avaloq.adt.ui\src\main\java\com\avaloq\adt\internal\sourcetypes\plsql\selectionactions\StructureSelectionAction.java:[20,30] [deprecation] org.eclipse.jface.util.Assert in org.eclipse.jface.util has been deprecated

[WARNING] C:\Build\Results\jobs\ADT-Base\workspace\com.avaloq.adt.ui\src\main\java\com\avaloq\adt\ui\model\ChangeViewElementLabelDecorator.java:[20,53] [deprecation] com.avaloq.adt.ui.model.ChangeDBObjectLabelDecorator in com.avaloq.adt.ui.model has been deprecated

[WARNING] C:\Build\Results\jobs\ADT-Base\workspace\com.avaloq.adt.ui\src\main\java\com\avaloq\adt\env\internal\ui\docu\form\HistoryViewer.java:[46,30] [deprecation] org.eclipse.jface.util.Assert in org.eclipse.jface.util has been deprecated

[WARNING] C:\Build\Results\jobs\ADT-Base\workspace\com.avaloq.adt.ui\src\main\java\com\avaloq\adt\ui\internal\editors\actions\CorrectIndentAction.java:[16,30] [deprecation] org.eclipse.jface.text.Assert in org.eclipse.jface.text has been deprecated

[WARNING] C:\Build\Results\jobs\ADT-Base\workspace\com.avaloq.adt.ui\src\main\java\com\avaloq\adt\ui\model\TaskViewElementLabelDecorator.java:[21,51] [deprecation] com.avaloq.adt.ui.model.TaskDBObjectLabelDecorator in com.avaloq.adt.ui.model has been deprecated

[WARNING] C:\Build\Results\jobs\ADT-Base\workspace\com.avaloq.adt.ui\src\main\java\com\avaloq\adt\internal\sourcetypes\plsql\selectionactions\StructureSelectHistoryAction.java:[13,30] [deprecation] org.eclipse.jface.util.Assert in org.eclipse.jface.util has been deprecated

[WARNING] C:\Build\Results\jobs\ADT-Base\workspace\com.avaloq.adt.ui\src\main\java\com\avaloq\adt\env\internal\ui\expression\FixedTableTreeViewer.java:[12,33] [deprecation] org.eclipse.jface.viewers.TableTreeViewer in org.eclipse.jface.viewers has been deprecated

[WARNING] C:\Build\Results\jobs\ADT-Base\workspace\com.avaloq.adt.ui\src\main\java\com\avaloq\adt\env\internal\ui\expression\FixedTableTreeViewer.java:[13,30] [deprecation] org.eclipse.swt.custom.TableTree in org.eclipse.swt.custom has been deprecated

[WARNING] C:\Build\Results\jobs\ADT-Base\workspace\com.avaloq.adt.ui\src\main\java\com\avaloq\adt\env\internal\ui\expression\FixedTableTreeViewer.java:[24,42] [deprecation] org.eclipse.jface.viewers.TableTreeViewer in org.eclipse.jface.viewers has been deprecated

[WARNING] C:\Build\Results\jobs\ADT-Base\workspace\com.avaloq.adt.ui\src\main\java\com\avaloq\adt\env\internal\ui\expression\FixedTableTreeViewer.java:[32,42] [deprecation] org.eclipse.swt.custom.TableTree in org.eclipse.swt.custom has been deprecated

[WARNING] C:\Build\Results\jobs\ADT-Base\workspace\com.avaloq.adt.ui\src\main\java\com\avaloq\adt\env\internal\ui\NullModificationValidator.java:[13,34] [deprecation] org.eclipse.core.resources.IFileModificationValidator in org.eclipse.core.resources has been deprecated

[WARNING] C:\Build\Results\jobs\ADT-Base\workspace\com.avaloq.adt.ui\src\main\java\com\avaloq\adt\env\internal\ui\NullModificationValidator.java:[20,50] [deprecation] org.eclipse.core.resources.IFileModificationValidator in org.eclipse.core.resources has been deprecated

[WARNING] C:\Build\Results\jobs\ADT-Base\workspace\com.avaloq.adt.ui\src\main\java\com\avaloq\adt\internal\ui\spell\SpellAutoIndentStrategy.java:[13,30] [deprecation] org.eclipse.jface.text.DefaultAutoIndentStrategy in org.eclipse.jface.text has been deprecated

[WARNING] C:\Build\Results\jobs\ADT-Base\workspace\com.avaloq.adt.ui\src\main\java\com\avaloq\adt\internal\ui\spell\SpellAutoIndentStrategy.java:[19,45] [deprecation] org.eclipse.jface.text.DefaultAutoIndentStrategy in org.eclipse.jface.text has been deprecated

[WARNING] C:\Build\Results\jobs\ADT-Base\workspace\com.avaloq.adt.ui\src\main\java\com\avaloq\adt\internal\sourcetypes\scriptpkg\ProposalFactory.java:[24,34] [deprecation] com.avaloq.adt.ui.AvaloqPluginImages in com.avaloq.adt.ui has been deprecated

[WARNING] C:\Build\Results\jobs\ADT-Base\workspace\com.avaloq.adt.ui\src\main\java\com\avaloq\adt\internal\sourcetypes\scriptpkg\ProposalFactory.java:[23,53] [deprecation] com.avaloq.adt.ui.AvaloqPluginImages in com.avaloq.adt.ui has been deprecated

[WARNING] C:\Build\Results\jobs\ADT-Base\workspace\com.avaloq.adt.ui\src\main\java\com\avaloq\adt\internal\sourcetypes\scriptpkg\ProposalFactory.java:[26,34] [deprecation] com.avaloq.adt.ui.AvaloqPluginImages in com.avaloq.adt.ui has been deprecated

[WARNING] C:\Build\Results\jobs\ADT-Base\workspace\com.avaloq.adt.ui\src\main\java\com\avaloq\adt\internal\sourcetypes\scriptpkg\ProposalFactory.java:[25,54] [deprecation] com.avaloq.adt.ui.AvaloqPluginImages in com.avaloq.adt.ui has been deprecated

[WARNING] C:\Build\Results\jobs\ADT-Base\workspace\com.avaloq.adt.ui\src\main\java\com\avaloq\adt\internal\sourcetypes\scriptpkg\ProposalFactory.java:[28,34] [deprecation] com.avaloq.adt.ui.AvaloqPluginImages in com.avaloq.adt.ui has been deprecated

[WARNING] C:\Build\Results\jobs\ADT-Base\workspace\com.avaloq.adt.ui\src\main\java\com\avaloq\adt\internal\sourcetypes\scriptpkg\ProposalFactory.java:[27,55] [deprecation] com.avaloq.adt.ui.AvaloqPluginImages in com.avaloq.adt.ui has been deprecated

[WARNING] C:\Build\Results\jobs\ADT-Base\workspace\com.avaloq.adt.ui\src\main\java\com\avaloq\adt\internal\sourcetypes\scriptpkg\ProposalFactory.java:[30,34] [deprecation] com.avaloq.adt.ui.AvaloqPluginImages in com.avaloq.adt.ui has been deprecated

[WARNING] C:\Build\Results\jobs\ADT-Base\workspace\com.avaloq.adt.ui\src\main\java\com\avaloq\adt\internal\sourcetypes\scriptpkg\ProposalFactory.java:[29,51] [deprecation] com.avaloq.adt.ui.AvaloqPluginImages in com.avaloq.adt.ui has been deprecated

[WARNING] C:\Build\Results\jobs\ADT-Base\workspace\com.avaloq.adt.ui\src\main\java\com\avaloq\adt\internal\sourcetypes\scriptpkg\ProposalFactory.java:[32,34] [deprecation] com.avaloq.adt.ui.AvaloqPluginImages in com.avaloq.adt.ui has been deprecated

[WARNING] C:\Build\Results\jobs\ADT-Base\workspace\com.avaloq.adt.ui\src\main\java\com\avaloq\adt\internal\sourcetypes\scriptpkg\ProposalFactory.java:[31,47] [deprecation] com.avaloq.adt.ui.AvaloqPluginImages in com.avaloq.adt.ui has been deprecated

[WARNING] C:\Build\Results\jobs\ADT-Base\workspace\com.avaloq.adt.ui\src\main\java\com\avaloq\adt\internal\sourcetypes\plsql\selectionactions\SelectionHistory.java:[29,16] [deprecation] org.eclipse.jface.util.Assert in org.eclipse.jface.util has been deprecated

[WARNING] C:\Build\Results\jobs\ADT-Base\workspace\com.avaloq.adt.ui\src\main\java\com\avaloq\adt\ui\elements\AvaloqDialog.java:[162,16] [deprecation] com.avaloq.adt.ui.elements.Util in com.avaloq.adt.ui.elements has been deprecated

[WARNING] C:\Build\Results\jobs\ADT-Base\workspace\com.avaloq.adt.ui\src\main\java\com\avaloq\adt\ui\elements\AvaloqDialog.java:[162,20] [deprecation] runJob(org.eclipse.ui.IWorkbenchPartSite,com.avaloq.adt.core.job.AvaloqJob) in com.avaloq.adt.ui.elements.Util has been deprecated

[WARNING] C:\Build\Results\jobs\ADT-Base\workspace\com.avaloq.adt.ui\src\main\java\com\avaloq\adt\ui\elements\AvaloqDialog.java:[256,63] [deprecation] org.eclipse.jface.contentassist.SubjectControlContentAssistant in org.eclipse.jface.contentassist has been deprecated

[WARNING] C:\Build\Results\jobs\ADT-Base\workspace\com.avaloq.adt.ui\src\main\java\com\avaloq\adt\ui\elements\AvaloqDialog.java:[268,47] [deprecation] org.eclipse.ui.contentassist.ContentAssistHandler in org.eclipse.ui.contentassist has been deprecated

[WARNING] C:\Build\Results\jobs\ADT-Base\workspace\com.avaloq.adt.ui\src\main\java\com\avaloq\adt\ui\elements\AvaloqDialog.java:[301,16] [deprecation] org.eclipse.jface.contentassist.SubjectControlContentAssistant in org.eclipse.jface.contentassist has been deprecated

[WARNING] C:\Build\Results\jobs\ADT-Base\workspace\com.avaloq.adt.ui\src\main\java\com\avaloq\adt\ui\elements\AvaloqDialog.java:[313,16] [deprecation] org.eclipse.ui.contentassist.ContentAssistHandler in org.eclipse.ui.contentassist has been deprecated

[WARNING] C:\Build\Results\jobs\ADT-Base\workspace\com.avaloq.adt.ui\src\main\java\com\avaloq\adt\env\internal\ui\dialogs\SelectSourceDialog.java:[333,26] [deprecation] com.avaloq.adt.ui.elements.table.AvaloqTable in com.avaloq.adt.ui.elements.table has been deprecated

[WARNING] C:\Build\Results\jobs\ADT-Base\workspace\com.avaloq.adt.ui\src\main\java\com\avaloq\adt\env\internal\ui\dialogs\SelectSourceDialog.java:[361,61] [deprecation] getAllAttributeNames(com.avaloq.adt.env.core.model.dbobjects.DBObjectType) in com.avaloq.adt.env.core.db.dbobjects.IDBObjectService has been deprecated

[WARNING] C:\Build\Results\jobs\ADT-Base\workspace\com.avaloq.adt.ui\src\main\java\com\avaloq\adt\env\internal\ui\dialogs\SelectSourceDialog.java:[391,16] [deprecation] com.avaloq.adt.ui.elements.Util in com.avaloq.adt.ui.elements has been deprecated

[WARNING] C:\Build\Results\jobs\ADT-Base\workspace\com.avaloq.adt.ui\src\main\java\com\avaloq\adt\env\internal\ui\dialogs\SelectSourceDialog.java:[391,20] [deprecation] runJob(org.eclipse.ui.IWorkbenchPartSite,com.avaloq.adt.core.job.AvaloqJob) in com.avaloq.adt.ui.elements.Util has been deprecated

[WARNING] C:\Build\Results\jobs\ADT-Base\workspace\com.avaloq.adt.ui\src\main\java\com\avaloq\adt\env\internal\ui\dialogs\SelectSourceDialog.java:[399,30] [deprecation] com.avaloq.adt.ui.elements.table.AvaloqTable in com.avaloq.adt.ui.elements.table has been deprecated

[WARNING] C:\Build\Results\jobs\ADT-Base\workspace\com.avaloq.adt.ui\src\main\java\com\avaloq\adt\env\internal\ui\dialogs\SelectSourceDialog.java:[803,8] [deprecation] com.avaloq.adt.ui.elements.Util in com.avaloq.adt.ui.elements has been deprecated

[WARNING] C:\Build\Results\jobs\ADT-Base\workspace\com.avaloq.adt.ui\src\main\java\com\avaloq\adt\env\internal\ui\dialogs\SelectSourceDialog.java:[803,12] [deprecation] runJob(org.eclipse.ui.IWorkbenchPartSite,com.avaloq.adt.core.job.AvaloqJob) in com.avaloq.adt.ui.elements.Util has been deprecated

[WARNING] C:\Build\Results\jobs\ADT-Base\workspace\com.avaloq.adt.ui\src\main\java\com\avaloq\adt\env\internal\ui\dialogs\SelectSourceDialog.java:[867,62] [deprecation] getAttributeValue(com.avaloq.adt.env.core.model.dbobjects.DBObject,java.lang.String) in com.avaloq.adt.env.core.db.dbobjects.IDBObjectService has been deprecated

[WARNING] C:\Build\Results\jobs\ADT-Base\workspace\com.avaloq.adt.ui\src\main\java\com\avaloq\adt\env\internal\ui\expression\EnvTablePart.java:[557,12] [deprecation] com.avaloq.adt.ui.elements.Util in com.avaloq.adt.ui.elements has been deprecated

[WARNING] C:\Build\Results\jobs\ADT-Base\workspace\com.avaloq.adt.ui\src\main\java\com\avaloq\adt\env\internal\ui\expression\EnvTablePart.java:[557,16] [deprecation] runJob(org.eclipse.ui.IWorkbenchPartSite,com.avaloq.adt.core.job.AvaloqJob) in com.avaloq.adt.ui.elements.Util has been deprecated

[WARNING] C:\Build\Results\jobs\ADT-Base\workspace\com.avaloq.adt.ui\src\main\java\com\avaloq\adt\env\internal\ui\expression\ExpressionContentAssist.java:[225,24] [deprecation] org.eclipse.jface.contentassist.SubjectControlContentAssistant in org.eclipse.jface.contentassist has been deprecated

[WARNING] C:\Build\Results\jobs\ADT-Base\workspace\com.avaloq.adt.ui\src\main\java\com\avaloq\adt\env\internal\ui\expression\ExpressionContentAssist.java:[240,39] [deprecation] org.eclipse.ui.contentassist.ContentAssistHandler in org.eclipse.ui.contentassist has been deprecated

[WARNING] C:\Build\Results\jobs\ADT-Base\workspace\com.avaloq.adt.ui\src\main\java\com\avaloq\adt\ui\ExportMemorableAction.java:[71,24] [deprecation] com.avaloq.adt.ui.elements.Util in com.avaloq.adt.ui.elements has been deprecated

[WARNING] C:\Build\Results\jobs\ADT-Base\workspace\com.avaloq.adt.ui\src\main\java\com\avaloq\adt\ui\ExportMemorableAction.java:[71,28] [deprecation] standardAvaloqExceptionHandle(com.avaloq.adt.core.AvaloqException) in com.avaloq.adt.ui.elements.Util has been deprecated

[WARNING] C:\Build\Results\jobs\ADT-Base\workspace\com.avaloq.adt.ui\src\main\java\com\avaloq\adt\internal\ui\editors\AvaloqEditor.java:[1002,16] [deprecation] gotoMarker(org.eclipse.core.resources.IMarker) in org.eclipse.ui.texteditor.AbstractDecoratedTextEditor has been deprecated

[WARNING] C:\Build\Results\jobs\ADT-Base\workspace\com.avaloq.adt.ui\src\main\java\com\avaloq\adt\internal\ui\editors\AvaloqEditor.java:[1005,17] [deprecation] gotoMarker(org.eclipse.core.resources.IMarker) in org.eclipse.ui.texteditor.AbstractDecoratedTextEditor has been deprecated

[WARNING] C:\Build\Results\jobs\ADT-Base\workspace\com.avaloq.adt.ui\src\main\java\com\avaloq\adt\internal\ui\editors\outline\SortAction.java:[30,35] [deprecation] com.avaloq.adt.ui.AvaloqPluginImages in com.avaloq.adt.ui has been deprecated

[WARNING] C:\Build\Results\jobs\ADT-Base\workspace\com.avaloq.adt.ui\src\main\java\com\avaloq\adt\env\internal\ui\views\abbr\AbbreviationControl.java:[111,29] [deprecation] com.avaloq.adt.ui.elements.table.AvaloqTable in com.avaloq.adt.ui.elements.table has been deprecated

[WARNING] C:\Build\Results\jobs\ADT-Base\workspace\com.avaloq.adt.ui\src\main\java\com\avaloq\adt\env\internal\ui\views\abbr\AbbreviationControl.java:[155,16] [deprecation] com.avaloq.adt.ui.elements.Util in com.avaloq.adt.ui.elements has been deprecated

[WARNING] C:\Build\Results\jobs\ADT-Base\workspace\com.avaloq.adt.ui\src\main\java\com\avaloq\adt\env\internal\ui\views\abbr\AbbreviationControl.java:[155,20] [deprecation] runJob(org.eclipse.ui.IWorkbenchPartSite,com.avaloq.adt.core.job.AvaloqJob) in com.avaloq.adt.ui.elements.Util has been deprecated

[WARNING] C:\Build\Results\jobs\ADT-Base\workspace\com.avaloq.adt.ui\src\main\java\com\avaloq\adt\env\internal\ui\views\abbr\AbbreviationControl.java:[180,16] [deprecation] com.avaloq.adt.ui.elements.Util in com.avaloq.adt.ui.elements has been deprecated

[WARNING] C:\Build\Results\jobs\ADT-Base\workspace\com.avaloq.adt.ui\src\main\java\com\avaloq\adt\env\internal\ui\views\abbr\AbbreviationControl.java:[180,20] [deprecation] runJob(org.eclipse.ui.IWorkbenchPartSite,com.avaloq.adt.core.job.AvaloqJob) in com.avaloq.adt.ui.elements.Util has been deprecated

[WARNING] C:\Build\Results\jobs\ADT-Base\workspace\com.avaloq.adt.ui\src\main\java\com\avaloq\adt\env\internal\ui\views\abbr\AbbreviationControl.java:[245,32] [deprecation] com.avaloq.adt.ui.elements.Util in com.avaloq.adt.ui.elements has been deprecated

[WARNING] C:\Build\Results\jobs\ADT-Base\workspace\com.avaloq.adt.ui\src\main\java\com\avaloq\adt\env\internal\ui\views\abbr\AbbreviationControl.java:[245,36] [deprecation] runJob(org.eclipse.ui.IWorkbenchPartSite,com.avaloq.adt.core.job.AvaloqJob) in com.avaloq.adt.ui.elements.Util has been deprecated

[WARNING] C:\Build\Results\jobs\ADT-Base\workspace\com.avaloq.adt.ui\src\main\java\com\avaloq\adt\env\internal\ui\views\abbr\AbbreviationControl.java:[264,32] [deprecation] com.avaloq.adt.ui.elements.Util in com.avaloq.adt.ui.elements has been deprecated

[WARNING] C:\Build\Results\jobs\ADT-Base\workspace\com.avaloq.adt.ui\src\main\java\com\avaloq\adt\env\internal\ui\views\abbr\AbbreviationControl.java:[264,36] [deprecation] runJob(org.eclipse.ui.IWorkbenchPartSite,com.avaloq.adt.core.job.AvaloqJob) in com.avaloq.adt.ui.elements.Util has been deprecated

[WARNING] C:\Build\Results\jobs\ADT-Base\workspace\com.avaloq.adt.ui\src\main\java\com\avaloq\adt\env\internal\ui\docu\form\AvaloqSection.java:[89,75] [deprecation] TITLE in org.eclipse.ui.forms.FormColors has been deprecated

[WARNING] C:\Build\Results\jobs\ADT-Base\workspace\com.avaloq.adt.ui\src\main\java\com\avaloq\adt\env\internal\ui\docu\form\DocuPage.java:[151,30] [deprecation] setHelp(org.eclipse.swt.widgets.Composite,java.lang.String) in com.avaloq.adt.ui.AvaloqUIPlugin has been deprecated

[WARNING] C:\Build\Results\jobs\ADT-Base\workspace\com.avaloq.adt.ui\src\main\java\com\avaloq\adt\env\internal\ui\docu\form\StateSection.java:[156,24] [deprecation] com.avaloq.adt.ui.elements.Util in com.avaloq.adt.ui.elements has been deprecated

[WARNING] C:\Build\Results\jobs\ADT-Base\workspace\com.avaloq.adt.ui\src\main\java\com\avaloq\adt\env\internal\ui\docu\form\StateSection.java:[156,28] [deprecation] standardAvaloqExceptionHandle(com.avaloq.adt.core.AvaloqException) in com.avaloq.adt.ui.elements.Util has been deprecated

[WARNING] C:\Build\Results\jobs\ADT-Base\workspace\com.avaloq.adt.ui\src\main\java\com\avaloq\adt\env\internal\ui\docu\form\StateSection.java:[176,12] [deprecation] com.avaloq.adt.ui.elements.Util in com.avaloq.adt.ui.elements has been deprecated

[WARNING] C:\Build\Results\jobs\ADT-Base\workspace\com.avaloq.adt.ui\src\main\java\com\avaloq\adt\env\internal\ui\docu\form\StateSection.java:[176,16] [deprecation] runJob(org.eclipse.ui.IWorkbenchPartSite,com.avaloq.adt.core.job.AvaloqJob) in com.avaloq.adt.ui.elements.Util has been deprecated

[WARNING] C:\Build\Results\jobs\ADT-Base\workspace\com.avaloq.adt.ui\src\main\java\com\avaloq\adt\env\internal\ui\docu\form\DocuFormsEditor.java:[143,40] [deprecation] com.avaloq.adt.ui.elements.Util in com.avaloq.adt.ui.elements has been deprecated

[WARNING] C:\Build\Results\jobs\ADT-Base\workspace\com.avaloq.adt.ui\src\main\java\com\avaloq\adt\env\internal\ui\docu\form\DocuFormsEditor.java:[143,44] [deprecation] standardAvaloqExceptionHandle(com.avaloq.adt.core.AvaloqException) in com.avaloq.adt.ui.elements.Util has been deprecated

[WARNING] C:\Build\Results\jobs\ADT-Base\workspace\com.avaloq.adt.ui\src\main\java\com\avaloq\adt\env\internal\ui\docu\form\DocuFormsEditor.java:[177,16] [deprecation] com.avaloq.adt.ui.elements.Util in com.avaloq.adt.ui.elements has been deprecated

[WARNING] C:\Build\Results\jobs\ADT-Base\workspace\com.avaloq.adt.ui\src\main\java\com\avaloq\adt\env\internal\ui\docu\form\DocuFormsEditor.java:[177,20] [deprecation] runJob(org.eclipse.ui.IWorkbenchPartSite,com.avaloq.adt.core.job.AvaloqJob) in com.avaloq.adt.ui.elements.Util has been deprecated

[WARNING] C:\Build\Results\jobs\ADT-Base\workspace\com.avaloq.adt.ui\src\main\java\com\avaloq\adt\env\internal\ui\docu\form\DocuFormsEditor.java:[222,24] [deprecation] com.avaloq.adt.ui.elements.Util in com.avaloq.adt.ui.elements has been deprecated

[WARNING] C:\Build\Results\jobs\ADT-Base\workspace\com.avaloq.adt.ui\src\main\java\com\avaloq\adt\env\internal\ui\docu\form\DocuFormsEditor.java:[222,28] [deprecation] standardAvaloqExceptionHandle(com.avaloq.adt.core.AvaloqException) in com.avaloq.adt.ui.elements.Util has been deprecated

[WARNING] C:\Build\Results\jobs\ADT-Base\workspace\com.avaloq.adt.ui\src\main\java\com\avaloq\adt\env\internal\ui\docu\form\DocuFormsEditor.java:[302,24] [deprecation] com.avaloq.adt.ui.elements.Util in com.avaloq.adt.ui.elements has been deprecated

[WARNING] C:\Build\Results\jobs\ADT-Base\workspace\com.avaloq.adt.ui\src\main\java\com\avaloq\adt\env\internal\ui\docu\form\DocuFormsEditor.java:[302,28] [deprecation] runJob(org.eclipse.ui.IWorkbenchPartSite,com.avaloq.adt.core.job.AvaloqJob) in com.avaloq.adt.ui.elements.Util has been deprecated

[WARNING] C:\Build\Results\jobs\ADT-Base\workspace\com.avaloq.adt.ui\src\main\java\com\avaloq\adt\env\internal\ui\docu\form\DocuFormsEditor.java:[348,16] [deprecation] com.avaloq.adt.ui.elements.Util in com.avaloq.adt.ui.elements has been deprecated

[WARNING] C:\Build\Results\jobs\ADT-Base\workspace\com.avaloq.adt.ui\src\main\java\com\avaloq\adt\env\internal\ui\docu\form\DocuFormsEditor.java:[348,20] [deprecation] runJob(org.eclipse.ui.IWorkbenchPartSite,com.avaloq.adt.core.job.AvaloqJob) in com.avaloq.adt.ui.elements.Util has been deprecated

[WARNING] C:\Build\Results\jobs\ADT-Base\workspace\com.avaloq.adt.ui\src\main\java\com\avaloq\adt\env\internal\ui\docu\form\DocuFormsEditor.java:[472,24] [deprecation] com.avaloq.adt.ui.elements.Util in com.avaloq.adt.ui.elements has been deprecated

[WARNING] C:\Build\Results\jobs\ADT-Base\workspace\com.avaloq.adt.ui\src\main\java\com\avaloq\adt\env\internal\ui\docu\form\DocuFormsEditor.java:[472,28] [deprecation] runJob(org.eclipse.ui.IWorkbenchPartSite,com.avaloq.adt.core.job.AvaloqJob) in com.avaloq.adt.ui.elements.Util has been deprecated

[WARNING] C:\Build\Results\jobs\ADT-Base\workspace\com.avaloq.adt.ui\src\main\java\com\avaloq\adt\env\internal\ui\docu\form\DocuFormsEditor.java:[477,32] [deprecation] com.avaloq.adt.ui.elements.Util in com.avaloq.adt.ui.elements has been deprecated

[WARNING] C:\Build\Results\jobs\ADT-Base\workspace\com.avaloq.adt.ui\src\main\java\com\avaloq\adt\env\internal\ui\docu\form\DocuFormsEditor.java:[477,36] [deprecation] standardAvaloqExceptionHandle(com.avaloq.adt.core.AvaloqException) in com.avaloq.adt.ui.elements.Util has been deprecated

[WARNING] C:\Build\Results\jobs\ADT-Base\workspace\com.avaloq.adt.ui\src\main\java\com\avaloq\adt\internal\ui\spell\SpellSourceViewer.java:[105,52] [deprecation] getKeyBindingService() in org.eclipse.ui.IWorkbenchPartSite has been deprecated

[WARNING] C:\Build\Results\jobs\ADT-Base\workspace\com.avaloq.adt.ui\src\main\java\com\avaloq\adt\internal\ui\spell\SpellSourceViewer.java:[190,20] [deprecation] getKeyBindingService() in org.eclipse.ui.IWorkbenchPartSite has been deprecated

[WARNING] C:\Build\Results\jobs\ADT-Base\workspace\com.avaloq.adt.ui\src\main\java\com\avaloq\adt\env\internal\ui\compare\AvaloqCompareElement.java:[56,51] [deprecation] com.avaloq.adt.ui.AvaloqPluginImages in com.avaloq.adt.ui has been deprecated

[INFO] ------------------------------------------------------------------------
[INFO] Building Hudson Task Scanner Plug-in
[INFO]    task-segment: [clean, compile]
[INFO] ------------------------------------------------------------------------
[INFO] [clean:clean]
[INFO] Deleting directory C:\Build\Results\jobs\ADT-Base\workspace\tasks\target
[INFO] Deleting directory C:\Build\Results\jobs\ADT-Base\workspace\tasks\target\classes
[INFO] Deleting directory C:\Build\Results\jobs\ADT-Base\workspace\tasks\target\test-classes
[INFO] Deleting directory C:\Build\Results\jobs\ADT-Base\workspace\tasks\target\site
[INFO] [enforcer:display-info {execution: default}]
[INFO] Maven Version: 2.0.8
[INFO] JDK Version: 1.5.0_11 normalized as: 1.5.0-11
[INFO] OS Info: Arch: x86 Family: windows Name: windows xp Version: 5.1
[INFO] [localizer:generate {execution: default}]
[INFO] [resources:resources]
[INFO] Using default encoding to copy filtered resources.
[INFO] [hpi:apt-compile]
[INFO] Compiling 65 source files to C:\Build\Results\jobs\ADT-Base\workspace\tasks\target\classes
Note: Generating hudson\plugins\tasks\TasksPublisher.stapler
Note: Generating hudson\plugins\tasks\TasksReporter.stapler
C:\Build\Results\jobs\ADT-Base\workspace\tasks\src\main\java\hudson\plugins\tasks\TasksDescriptor.java:46: warning: [deprecation] newInstance(org.kohsuke.stapler.StaplerRequest) in hudson.model.Descriptor has been deprecated
    public TasksPublisher newInstance(final StaplerRequest request) throws FormException {
                          ^
C:\Build\Results\jobs\ADT-Base\workspace\tasks\src\main\java\hudson\plugins\tasks\TasksReporterDescriptor.java:34: warning: [deprecation] newInstance(org.kohsuke.stapler.StaplerRequest) in hudson.model.Descriptor has been deprecated
    public MavenReporter newInstance(final StaplerRequest request) throws FormException {
                         ^
2 warnings
[INFO]
[INFO]
[INFO] ------------------------------------------------------------------------
[INFO] Reactor Summary:
[INFO] ------------------------------------------------------------------------
[INFO] Base Plug-ins of ADT .................................. SUCCESS [1.359s]
[INFO] Unnamed - com.avaloq.adt:com.avaloq.util:source-plugin:1.2.0-SNAPSHOT  SUCCESS [6.078s]
[INFO] com.avaloq.adt.core ................................... SUCCESS [19.032s]
[INFO] com.avaloq.adt.ui ..................................... SUCCESS [1:01.656s]
[INFO] Hudson Task Scanner Plug-in ........................... SUCCESS [15.094s]
[INFO] ------------------------------------------------------------------------
[INFO] ------------------------------------------------------------------------
[INFO] BUILD SUCCESSFUL
[INFO] ------------------------------------------------------------------------
[INFO] Total time: 1 minute 44 seconds
[INFO] Finished at: Sun May 11 16:14:37 CEST 2008
[INFO] Final Memory: 24M/88M
[INFO] ------------------------------------------------------------------------
[FINDBUGS] Collecting findbugs analysis files...
[FINDBUGS] No annotations have been found.
[PMD] Collecting pmd analysis files...
[PMD] No annotations have been found.
[TASKS] Scanning workspace files for tasks...
[TASKS] A total of 555 annotations have been found.
[WARNINGS] Parsing warnings of log file...
[WARNINGS] A total of 105 annotations have been found.
finished: SUCCESS

    [javac] C:\Users\tiliven\.hudson\jobs\Hello THS Trunk - compile\workspace\HelloTHSTest\src\ths\Hallo.java:28: warning: begrussen() in ths.types.IGruss has been deprecated





[WARNING] /home/hudson/hudson/data/jobs/Hudson main/workspace/remoting/src/test/java/hudson/remoting/BinarySafeStreamTest.java:[3,54] com.sun.org.apache.xerces.internal.impl.dv.util.Base64 is Sun proprietary API and may be removed in a future release

[WARNING] /home/hudson/hudson/data/jobs/Hudson main/workspace/remoting/src/test/java/hudson/remoting/BinarySafeStreamTest.java:[36,24] com.sun.org.apache.xerces.internal.impl.dv.util.Base64 is Sun proprietary API and may be removed in a future release

[WARNING] /home/hudson/hudson/data/jobs/Hudson main/workspace/remoting/src/test/java/hudson/remoting/BinarySafeStreamTest.java:[47,24] com.sun.org.apache.xerces.internal.impl.dv.util.Base64 is Sun proprietary API and may be removed in a future release

[WARNING] /home/hudson/hudson/data/jobs/Hudson main/workspace/remoting/src/test/java/hudson/remoting/BinarySafeStreamTest.java:[69,24] com.sun.org.apache.xerces.internal.impl.dv.util.Base64 is Sun proprietary API and may be removed in a future release

[WARNING] /home/hudson/hudson/data/jobs/Hudson main/workspace/remoting/src/test/java/hudson/remoting/BinarySafeStreamTest.java:[105,25] com.sun.org.apache.xerces.internal.impl.dv.util.Base64 is Sun proprietary API and may be removed in a future release



compile.test:
    [javac] Compiling 113 source files to /home/hudson/hudson/data/jobs/Mockito/workspace/trunk/target/test-classes
    [javac] /home/hudson/hudson/data/jobs/Mockito/workspace/trunk/test/org/mockitousage/misuse/DescriptiveMessagesOnMisuseTest.java:86: warning: non-varargs call of varargs method with inexact argument type for last parameter;
    [javac] cast to java.lang.Object for a varargs call
    [javac] cast to java.lang.Object[] for a non-varargs call and to suppress this warning
    [javac]         verifyNoMoreInteractions(null);
    [javac]                                  ^
    [javac] /home/hudson/hudson/data/jobs/Mockito/workspace/trunk/test/org/mockitousage/stubbing/StubbingWithThrowablesTest.java:51: warning: [deprecation] <T>stubVoid(T) in org.mockito.Mockito has been deprecated
    [javac]         stubVoid(mock).toThrow(expected).on().clear();
    [javac]         ^


testhist.l:451: warning: `void yyunput(int, char*)' defined but not used

/u1/drjohn/bfdist/packages/RegrTest/V00-03-01/RgtAddressLineScan.cc:73: warning: implicit typename is deprecated, please see the documentation for details




OWNER,OBJECT_NAME,OBJECT_TYPE,STATUS,LINE,POSITION,TEXT,MESSAGE_NUMBER
E,ENV_UTIL#,PACKAGE BODY,INVALID,45,1,PLS-00103: Encountered the symbol "END" when expecting one of the following:

   ;
The symbol ";" was substituted for "END" to continue.,103

E,ENV_ABBR#B,TRIGGER,INVALID,5,1,PLS-00103: Encountered the symbol "END" when expecting one of the following:

   ;
The symbol ";" was substituted for "END" to continue.,103

0 rows affected


"usi_plugin.cpp", line 212: Warning, badargtypel2w: String literal converted to char* in formal argument 1 in call to userlog(char*, ...).
"usi_plugin.cpp", line 224: Warning, badargtypel2w: String literal converted to char* in formal argument msg in call to except(char*).

"ServerList.cpp", line 8: Warning, badargtypel2w: String literal converted to char* in formal argument 1 in call to userlog(char*, ...).
"ServerList.cpp", line 44: Warning, badargtypel2w: String literal converted to char* in formal argument 1 in call to userlog(char*, ...).
"ServerList.cpp", line 50: Warning, badargtypel2w: String literal converted to char* in formal argument 1 in call to userlog(char*, ...).





Buildfile: build.xml

init:

compile-warning:
    [mkdir] Created dir: C:\Desenvolvimento\Java\jfg\build\build\warning
    [javac] Compiling 34 source files to C:\Desenvolvimento\Java\jfg\build\build\warning
    [javac] ----------
    [javac] 1. WARNING in C:\Desenvolvimento\Java\jfg\src\jfg\AttributeException.java (at line 3)
    [javac] 	public class AttributeException extends RuntimeException
    [javac] 	             ^^^^^^^^^^^^^^^^^^
    [javac] The serializable class AttributeException does not declare a static final serialVersionUID field of type long
    [javac] ----------
    [javac] ----------
    [javac] 2. WARNING in C:\Desenvolvimento\Java\jfg\src\jfg\gui\swt\SWTTextBuilder.java (at line 85)
    [javac] 	protected void addValidation(Text text, Object type)
    [javac] 	                                  ^^^^
    [javac] The parameter text is never read
    [javac] ----------
    [javac] 3. WARNING in C:\Desenvolvimento\Java\jfg\src\jfg\gui\swt\SWTTextBuilder.java (at line 85)
    [javac] 	protected void addValidation(Text text, Object type)
    [javac] 	                                               ^^^^
    [javac] The parameter type is never read
    [javac] ----------
    [javac] 4. WARNING in C:\Desenvolvimento\Java\jfg\src\jfg\gui\swt\SWTTextBuilder.java (at line 89)
    [javac] 	protected String convertToString(Text text, Object value, Object type)
    [javac] 	                                      ^^^^
    [javac] The parameter text is never read
    [javac] ----------
    [javac] 5. WARNING in C:\Desenvolvimento\Java\jfg\src\jfg\gui\swt\SWTTextBuilder.java (at line 89)
    [javac] 	protected String convertToString(Text text, Object value, Object type)
    [javac] 	                                                                 ^^^^
    [javac] The parameter type is never read
    [javac] ----------
    [javac] 6. WARNING in C:\Desenvolvimento\Java\jfg\src\jfg\gui\swt\SWTTextBuilder.java (at line 97)
    [javac] 	protected Object convertToObject(String value, Object type, boolean canBeNull)
    [javac] 	                                                      ^^^^
    [javac] The parameter type is never read
    [javac] ----------
    [javac] ----------
    [javac] 7. WARNING in C:\Desenvolvimento\Java\jfg\src\jfg\reflect\ObjectReflectionException.java (at line 5)
    [javac] 	public class ObjectReflectionException extends AttributeException
    [javac] 	             ^^^^^^^^^^^^^^^^^^^^^^^^^
    [javac] The serializable class ObjectReflectionException does not declare a static final serialVersionUID field of type long
    [javac] ----------
    [javac] ----------
    [javac] 8. WARNING in C:\Desenvolvimento\Java\jfg\src\jfg\reflect\ObjectReflectionGroup.java (at line 31)
    [javac] 	int x = 0;
    [javac] 	    ^
    [javac] The local variable x is never read
    [javac] ----------
    [javac] 8 problems (8 warnings)

BUILD SUCCESSFUL
Total time: 1 second




  [javadoc] Loading source files for package chenomx.util.threads...
  [javadoc] Constructing Javadoc information...
  [javadoc] Standard Doclet version 1.6.0_07
  [javadoc] Building tree for all the packages and classes...
  [javadoc] /home/builder/hudson/workspace/Homer/oddjob/src/chenomx/ccma/common/graph/module/GraphListenerRegistry.java:116: warning - Tag @link: can't find removeSpecChangeListener(ChangeListener, String) in chenomx.ccma.common.graph.module.GraphListenerRegistry
  [javadoc] /home/builder/hudson/workspace/Homer/oddjob/src/chenomx/ccma/common/gui/overlays/RemoveOverlaysCommand.java:48: warning - @parma is an unknown tag.
  [javadoc] /home/builder/hudson/workspace/Homer/oddjob/src/chenomx/ccma/customizer/commands/adjust/AdjustPeaksCommand.java:174: warning - Tag @link: reference not found: CommandBased
  [javadoc] /home/builder/hudson/workspace/Homer/oddjob/src/chenomx/ccma/customizer/commands/adjust/AdjustPeaksCommand.java:174: warning - Tag @link: reference not found: CommandBased#getInverseCommand()
  [javadoc] /home/builder/hudson/workspace/Homer/oddjob/src/chenomx/util/expression/Expression.java:382: warning - @throw is an unknown tag.
  [javadoc] Generating /home/builder/hudson/workspace/Homer/oddjob/build/temp/ant/javadocs/chenomx/ccma/common/utils//package-summary.html...
  [javadoc] Copying file /home/builder/hudson/workspace/Homer/oddjob/src/chenomx/ccma/common/utils/doc-files/FidToSpec.pdf to directory /home/builder/hudson/workspace/Homer/oddjob/build/temp/ant/javadocs/chenomx/ccma/common/utils/doc-files...
  [javadoc] Copying file /home/builder/hudson/workspace/Homer/oddjob/src/chenomx/ccma/common/utils/doc-files/SpecToFid.pdf to directory /home/builder/hudson/workspace/Homer/oddjob/build/temp/ant/javadocs/chenomx/ccma/common/utils/doc-files...
  [javadoc] Copying file /home/builder/hudson/workspace/Homer/oddjob/src/chenomx/ccma/common/utils/doc-files/hilbert.pdf to directory /home/builder/hudson/workspace/Homer/oddjob/build/temp/ant/javadocs/chenomx/ccma/common/utils/doc-files...
  [javadoc] Generating /home/builder/hudson/workspace/Homer/oddjob/build/temp/ant/javadocs/chenomx/math//package-summary.html...
  [javadoc] Copying file /home/builder/hudson/workspace/Homer/oddjob/src/chenomx/math/doc-files/fft.pdf to directory /home/builder/hudson/workspace/Homer/oddjob/build/temp/ant/javadocs/chenomx/math/doc-files...
  [javadoc] /home/builder/hudson/workspace/Homer/oddjob/src/chenomx/ccma/common/gui/sidebar/SideBar.java:91: warning - Tag @link: reference not found: ScrollPaneHolder
  [javadoc] Generating /home/builder/hudson/workspace/Homer/oddjob/build/temp/ant/javadocs/serialized-form.html...
  [javadoc] Copying file /home/builder/hudson/workspace/Homer/oddjob/tools/javadoc/javadoc.css to file /home/builder/hudson/workspace/Homer/oddjob/build/temp/ant/javadocs/javadoc.css...
  [javadoc] Building index for all the packages and classes...
  [javadoc] Building index for all classes...
  [javadoc] Generating /home/builder/hudson/workspace/Homer/oddjob/build/temp/ant/javadocs/help-doc.html...
  [javadoc] 10 warnings


compile:
    [javac] Compiling 795 source files to /home/hudson/workspace/jobs/PMD/workspace/pmd/build
    [javac] /home/hudson/workspace/jobs/PMD/workspace/pmd/src/net/sourceforge/pmd/renderers/AbstractRenderer.java:33: warning: [deprecation] render(net.sourceforge.pmd.Report) in net.sourceforge.pmd.renderers.Renderer has been deprecated
    [javac]     public String render(Report report) {
    [javac]                   ^
    [javac] /home/hudson/workspace/jobs/PMD/workspace/pmd/src/net/sourceforge/pmd/renderers/AbstractRenderer.java:36: warning: [deprecation] render(java.io.Writer,net.sourceforge.pmd.Report) in net.sourceforge.pmd.renderers.Renderer has been deprecated
    [javac]             render(w, report);
    [javac]             ^
    [javac] /home/hudson/workspace/jobs/PMD/workspace/pmd/src/net/sourceforge/pmd/renderers/AbstractRenderer.java:100: warning: [deprecation] render(java.io.Writer,net.sourceforge.pmd.Report) in net.sourceforge.pmd.renderers.Renderer has been deprecated
    [javac]         render(writer, mainReport);
    [javac]         ^
    [javac] /home/hudson/workspace/jobs/PMD/workspace/pmd/src/net/sourceforge/pmd/ant/PMDTask.java:270: warning: [deprecation] render(java.io.Writer,net.sourceforge.pmd.Report) in net.sourceforge.pmd.renderers.Renderer has been deprecated
    [javac]                 public void render(Writer writer, Report r) {}
    [javac]                             ^
    [javac] /home/hudson/workspace/jobs/PMD/workspace/pmd/src/net/sourceforge/pmd/renderers/OnTheFlyRenderer.java:27: warning: [deprecation] render(java.io.Writer,net.sourceforge.pmd.Report) in net.sourceforge.pmd.renderers.Renderer has been deprecated
    [javac]     public void render(Writer writer, Report report) throws IOException {
    [javac]                 ^
    [javac] /home/hudson/workspace/jobs/PMD/workspace/pmd/src/net/sourceforge/pmd/renderers/PapariTextRenderer.java:84: warning: [deprecation] render(java.io.Writer,net.sourceforge.pmd.Report) in net.sourceforge.pmd.renderers.Renderer has been deprecated
    [javac]     public void render(Writer writer, Report report) throws IOException {
    [javac]                 ^
    [javac] /home/hudson/workspace/jobs/PMD/workspace/pmd/src/net/sourceforge/pmd/renderers/SummaryHTMLRenderer.java:35: warning: [deprecation] render(java.io.Writer,net.sourceforge.pmd.Report) in net.sourceforge.pmd.renderers.Renderer has been deprecated
    [javac]     public void render(Writer writer, Report report) throws IOException {
    [javac]                 ^
    [javac] /home/hudson/workspace/jobs/PMD/workspace/pmd/src/net/sourceforge/pmd/renderers/YAHTMLRenderer.java:22: warning: [deprecation] render(java.io.Writer,net.sourceforge.pmd.Report) in net.sourceforge.pmd.renderers.Renderer has been deprecated
    [javac]     public void render(Writer writer, Report report) throws IOException {
    [javac]                 ^
    [javac] /home/hudson/workspace/jobs/PMD/workspace/pmd/regress/test/net/sourceforge/pmd/ReportTest.java:165: warning: [deprecation] render(net.sourceforge.pmd.Report) in net.sourceforge.pmd.renderers.Renderer has been deprecated
    [javac]         String result = rend.render(r);
    [javac]                             ^
    [javac] /home/hudson/workspace/jobs/PMD/workspace/pmd/regress/test/net/sourceforge/pmd/ReportTest.java:180: warning: [deprecation] render(net.sourceforge.pmd.Report) in net.sourceforge.pmd.renderers.Renderer has been deprecated
    [javac]         String result = rend.render(r);
    [javac]                             ^
    [javac] Note: Some input files use unchecked or unsafe operations.
    [javac] Note: Recompile with -Xlint:unchecked for details.
    [javac] 10 warnings
     [copy] Copying 1 file to /home/hudson/workspace/jobs/PMD/workspace/pmd/build/net/sourceforge/pmd/util/viewer/resources


requires-junit:

compile:
    [javac] Compiling 795 source files to /home/hudson/workspace/jobs/PMD/workspace/pmd/build
   [clover] Clover Version 2.3.2, built on July 15 2008 (build-732)
   [clover] Loaded from: /usr/java/clover/clover-ant-2.3.2/lib/clover.jar
   [clover] Clover: Open Source License registered to pmd .
   [clover] Updating existing database at '/home/hudson/workspace/jobs/PMD/workspace/pmd/reports/clover/db/coverage.db'.
   [clover] Processing files at 1.5 source level.
   [clover] Clover all over. Instrumented 613 files (66 packages).
    [javac] /tmp/clover55196.tmp/net/sourceforge/pmd/renderers/AbstractRenderer.java:33: warning: [deprecation] render(net.sourceforge.pmd.Report) in net.sourceforge.pmd.renderers.Renderer has been deprecated
    [javac]     public String render(Report report) {__CLR2_3_21upp1uppfkpr11ne.R.E[86463]++;
    [javac]                   ^
    [javac] /tmp/clover55196.tmp/net/sourceforge/pmd/renderers/AbstractRenderer.java:36: warning: [deprecation] render(java.io.Writer,net.sourceforge.pmd.Report) in net.sourceforge.pmd.renderers.Renderer has been deprecated
    [javac]             __CLR2_3_21upp1uppfkpr11ne.R.E[86466]++;render(w, report);
    [javac]                                                     ^
    [javac] /tmp/clover55196.tmp/net/sourceforge/pmd/renderers/AbstractRenderer.java:100: warning: [deprecation] render(java.io.Writer,net.sourceforge.pmd.Report) in net.sourceforge.pmd.renderers.Renderer has been deprecated
    [javac]         __CLR2_3_21upp1uppfkpr11ne.R.E[86479]++;render(writer, mainReport);
    [javac]                                                 ^
    [javac] /tmp/clover55196.tmp/net/sourceforge/pmd/renderers/OnTheFlyRenderer.java:27: warning: [deprecation] render(java.io.Writer,net.sourceforge.pmd.Report) in net.sourceforge.pmd.renderers.Renderer has been deprecated
    [javac]     public void render(Writer writer, Report report) throws IOException {__CLR2_3_21uoc1uocfkpr10xs.R.E[86412]++;
    [javac]                 ^
    [javac] /tmp/clover55196.tmp/net/sourceforge/pmd/renderers/PapariTextRenderer.java:84: warning: [deprecation] render(java.io.Writer,net.sourceforge.pmd.Report) in net.sourceforge.pmd.renderers.Renderer has been deprecated
    [javac]     public void render(Writer writer, Report report) throws IOException {__CLR2_3_21x61x6fkpr0za4.R.E[2500]++;
    [javac]                 ^
    [javac] /tmp/clover55196.tmp/net/sourceforge/pmd/ant/PMDTask.java:270: warning: [deprecation] render(java.io.Writer,net.sourceforge.pmd.Report) in net.sourceforge.pmd.renderers.Renderer has been deprecated
    [javac]                 public void render(Writer writer, Report r) {__CLR2_3_2264j264jfkpr0zbo.R.E[101380]++;}
    [javac]                             ^
    [javac] /tmp/clover55196.tmp/net/sourceforge/pmd/renderers/SummaryHTMLRenderer.java:35: warning: [deprecation] render(java.io.Writer,net.sourceforge.pmd.Report) in net.sourceforge.pmd.renderers.Renderer has been deprecated
    [javac]     public void render(Writer writer, Report report) throws IOException {__CLR2_3_21uow1uowfkpr11f7.R.E[86437]++;
    [javac]                 ^
    [javac] /tmp/clover55196.tmp/net/sourceforge/pmd/renderers/YAHTMLRenderer.java:22: warning: [deprecation] render(java.io.Writer,net.sourceforge.pmd.Report) in net.sourceforge.pmd.renderers.Renderer has been deprecated
    [javac]     public void render(Writer writer, Report report) throws IOException {__CLR2_3_2116116fkpr0z6e.R.E[1341]++;
    [javac]                 ^
    [javac] Note: Some input files use unchecked or unsafe operations.
    [javac] Note: Recompile with -Xlint:unchecked for details.
    [javac] 10 warnings
     [copy] Copying 1 file to /home/hudson/workspace/jobs/PMD/workspace/pmd/build/net/sourceforge/pmd/util/viewer/resources



    [compass-compile] C:\.hudson\jobs\Static analysis (trunk)\workspace\trunk\compass-core\src\com\northgateis\compass\common\CompassEhCacheProvider.java:60: warning: [deprecation] org.hibernate.cache.Cache in org.hibernate.cache has been deprecated
    [compass-compile]     public final Cache buildCache(String name, Properties properties) throws CacheException {
    [compass-compile]                  ^

instead of the default:

    [javac] C:\.hudson\jobs\Static analysis (trunk)\workspace\trunk\compass-core\src\com\northgateis\compass\common\CompassEhCacheProvider.java:61: warning: [deprecation] org.hibernate.cache.Cache in org.hibernate.cache has been deprecated
    [javac]     public final Cache buildCache(String name, Properties properties) throws CacheException {
    [javac]                  ^

Maybe if you insist that "javac" must appear somewhere in the taskname, e.g.

    [compass-javac] C:\.hudson\jobs\Static analysis (trunk)\workspace\trunk\compass-core\src\com\northgateis\compass\common\CompassEhCacheProvider.java:62: warning: [deprecation] org.hibernate.cache.Cache in org.hibernate.cache has been deprecated
    [compass-javac]     public final Cache buildCache(String name, Properties properties) throws CacheException {
    [compass-javac]                  ^

... then your regex should be able to do its thing without the need for any new config. I've tentatively updated the help file to mention this, too. Please delete or update the paragraph beginning "Also note" as you see fit.

  foo.cc:4:39: error: foo.h: No such file or directory

/home/bergerbd/.hudson/jobs/Test/workspace/projects/libs/utilities/class_utilities.adb:402:23: warning: call to obsolescent procedure "Very_Verbose" declared at debug.ads:59

/home/bergerbd/.hudson/jobs/Test/workspace/projects/libs/utilities/iml-interfaces-cfg.adb:63:14: warning: variable "E" is not referenced

/home/bergerbd/.hudson/jobs/Test/workspace/projects/libs/pointsto/andersen_results.adb:96:80: (style) this line is too long

/home/bergerbd/.hudson/jobs/Test/workspace/projects/libs/generated/ada_delta_constraints.adb:3:06: warning: redundant with clause in body

/home/bergerbd/.hudson/jobs/Test/workspace/projects/libs/reuse/src/array_tables.adb:97:07: warning: variable "Dummy_Empty_Array_Item" is read but never assigned

/home/bergerbd/.hudson/jobs/Test/workspace/projects/libs/reuse/src/graph_algorithms-generic_explorers.adb:63:14: warning: "C" is not modified, could be declared constant

/home/bergerbd/.hudson/jobs/Test/workspace/projects/libs/reuse/src/process_data.adb:257:49: (style) bad casing of "False" declared in Standard

/home/bergerbd/.hudson/jobs/Test/workspace/projects/tools/scangen/src/scangen.adb:23:35: error: binary operator expected

/home/bergerbd/.hudson/jobs/Test/workspace/projects/tools/scangen/src/scangen.adb:23:36: error: identifier cannot start with underline




./test.erl:125: Warning: variable 'Name' is unused
./test2.erl:175: record 'Extension' undefined



D:\Hudson\workspace\foo\busdates.cpp(1460): (col. 20) remark: LOOP WAS VECTORIZED.

D:\Hudson\workspace\foo\hols.cpp(2630): (col. 15) remark: FUSED LOOP WAS VECTORIZED.

D:\Hudson\workspace\zoo\oppdend2d_slv_strip_utils.cpp(721): remark #1: last line of file ends without a newline

D:\Hudson\workspace\boo\serviceif.cpp(17): remark #1418: external function definition with no prior declaration




--- Module:   file.cpp (C++)
C:\SDK\include\math.h  24  Info 808: No explicit type given symbol
    '__pure', int assumed
C:\SDK\include\math.h  24  Error 10: Expecting ';'
C:\SDK\include\math.h  24  Error 19: Useless Declaration
              _
extern __pure double cos(double /*x*/);
C:\SDK\include\math.h  26  Info 808: No explicit type given symbol
    '__pure', int assumed
C:\SDK\include\math.h  26  Error 10: Expecting ';'
C:\SDK\include\math.h  26  Error 19: Useless Declaration
              _
extern __pure double sin(double /*x*/);
C:\SDK\include\math.h  27  Info 808: No explicit type given symbol
    '__pure', int assumed
C:\SDK\include\math.h  27  Error 10: Expecting ';'
C:\SDK\include\math.h  27  Error 19: Useless Declaration
              _
extern __pure double tanh(double /*x*/);
C:\SDK\include\math.h  35  Info 808: No explicit type given symbol
    '__pure', int assumed
C:\SDK\include\math.h  35  Error 10: Expecting ';'
C:\SDK\include\math.h  35  Error 19: Useless Declaration
              _
extern __pure double ceil(double /*x*/);
C:\SDK\include\math.h  47  Info 808: No explicit type given symbol
    '__pure', int assumed
C:\SDK\include\math.h  47  Error 10: Expecting ';'
C:\SDK\include\math.h  47  Error 19: Useless Declaration
              _
extern __pure double fabs(double /*x*/);
C:\SDK\include\math.h  48  Info 808: No explicit type given symbol
    '__pure', int assumed
C:\SDK\include\math.h  48  Error 10: Expecting ';'
C:\SDK\include\math.h  48  Error 19: Useless Declaration
              _
extern __pure double floor(double /*d*/);
C:\SDK\include\math.h  49  Info 808: No explicit type given symbol
    '__pure', int assumed
C:\SDK\include\math.h  49  Error 10: Expecting ';'
C:\SDK\include\math.h  49  Error 19: Useless Declaration

     ...
     [exec] 23>main.cpp
     [exec] 23>Compiling resources...
     [exec] 23>Microsoft (R) Windows (R) Resource Compiler Version 6.1.6723.1
     [exec] 23>Copyright (C) Microsoft Corporation.  All rights reserved.
     [exec] 23>Linking...
     [exec] 23>LINK : fatal error LNK1181: cannot open input file 'TestLib.lib'
     [exec] 23>Build log was saved at "..."
     [exec] 23>MyApplication - 1 error(s), 0 warning(s)
     [exec] ========== Rebuild All: 1 succeeded, 1 failed, 0 skipped ==========


/dir1/dir2/file.c:12:15: file.h: No such file or directory
/dir1/dir3/file.cpp:233: undefined reference to `MyInterface::getValue() const'

/dir1/dir2/file.cpp:20:2: invalid preprocessing directive #incldue



When using GCC 2.7/3.3/4.0/4.02 the following warnings are not reported by the plugIn

in GCC 3.3/4.0/4.2 (Xcode - MacOS X)
folder1/file1.m:638: warning: local declaration of "command" hides instance variable
folder1/file1.m:640: warning: instance variable "command" accessed in class method

in GCC 2.7 (ProjectBuilder OpenStep-Enterprise (Windows))
file1.m:47: warning: "oldGeb" might be used uninitialized in this function
file1.m:640: warning: local declaration of "command" hides instance variable

All warning where generate by compiling ObjectiveC Code (see the *.m in the File-Names)



[HUDSON] Archiving aggregated javadoc
[WARNING] Javadoc Warnings
[WARNING] javadoc: warning - Multiple sources of package comments found for package "org.hamcrest"
[WARNING] /home/hudson-farm/.hudson/jobs/farm-toplevel/workspace/farm-toplevel/service-module/src/main/java/com/rackspace/farm/service/service/CoreAccountServiceImpl.java:94:warning - @param argument "<code>CoreAccountNumberTO</code>" is not a parameter
name.




Linking...
SynchronisationHeure.obj : error LNK2001: unresolved external symbol "public:
class IPosteCentral * __thiscall
CModuleBorneEtats::GetInterfacePosteCentral(void)"
(?GetInterfacePosteCentral@CModuleBorneEtats@@QAEPAVIPosteCentral@@XZ)
Release\Navineo.exe : fatal error LNK1120: 1 unresolved externals
Error executing link.exe.

The LNK1120 error is not visible from Hudson (the others compilation error are
reported).
Feel free to ask form more details is needed.



The following GNU Linker error is not reported by Warning plugin :

g++ file1.o MyMain.o libMyMain.a  -L/dir1/lib -lMyLib -lstdc++   -o MyMain
/usr/bin/ld: cannot find -lMyLib

gcc version : 3.4.6
ld version  : 2.15.92.0.2


// Remarks
"C:\SCM\Lr\src\fxns.c", line 341: remark #880-D: parameter "params" was never referenced
"C:\SCM\Lr\src\edge.c", line 177 (col. 42): remark #1116-D: may want to suffix float constant with an f

// Warnings
warning: symbol 'memset' redeclared with incompatible type
"i2cDisplay12x2.c", line 12: warning: variable "h" was declared but never referenced
"c:\DOCUME~1\JLINNE~1\LOCALS~1\Temp\0360811", WARNING! at line 2578: variable

// Errors
"i2cDisplay12x2.c", line 11: error: expected a ";"
error: unresolved symbols remain
error: errors encountered during linking; "../../bin/Debug/lrxyz.out" not
"i2cDisplay12x2.c", line 3: fatal error: could not open source file "i2cDisplay12x12.h"
"foo.asm", ERROR!   at line 5: [E0002] Illegal mnemonic specified


// Ignore
  0 Errors, 2 Warnings, 1225 Remarks.
  Please view the build output for errors and warnings for any custom steps.
  3 errors detected in the compilation of "i2cDisplay12x2.c".
  1 fatal error detected in the compilation of "i2cDisplay12x2.c".
  No Assembly Errors, 1 Assembly Warning




[javac] warning: [path] bad path element "C:\...\.hudson\jobs\...\log4j.jar": no such file or directory



Compiling: C:\Documents and Settings\xxxx\GNT\aaa.GNT...
   [ccbl] COPY\zzz.CPY, line 39: Warning: Imperative statement required
Build failed (warning only): C:\Documents and Settings\xxxx\COB\aaa.COB
Compiling: C:\Documents and Settings\xxxx\GNT\bbb.GNT...
   [ccbl] C:\Documents and Settings\xxxx\COB\bbb.COB, line 111: Warning: Don't run with knives
   [ccbl] C:\Documents and Settings\xxxx\COB\bbb.COB, line 115: Warning: Don't run with knives
Build failed (warning only): C:\Documents and Settings\xxxx\COB\bbb.COB
Compiling: C:\Documents and Settings\xxxx\GNT\ccc.GNT...
   C:\Documents and Settings\xxxx\COB\ccc.COB, line 123: Warning: I'm a green banana




"c:\playpens\Catalyst\SPG.build" (BuildNoTestAndPackage target) (1) ->
"c:\playpens\Catalyst\Platform\Platform.build" (BuildNoTest target) (2) ->
"c:\playpens\Catalyst\Platform\src\Build\PlatformBuild.proj" (Build target) (3) ->
"c:\playpens\Catalyst\Platform\src\Ptc.Platform.Web\Ptc.Platform.Web.csproj" (Package target) (20:10) ->
(PerformPackageValidation target) ->
  c:\playpens\Catalyst\Platform\src\Ptc.Platform.Web\Package\Package.package : warning SPT6: The Project Item "StructureLibrary" is included in the following Features: TypesAndLists, StructureBrowser [c:\playpens\Catalyst\Platform\src\Ptc.Platform.Web\Ptc.Platform.Web.csproj]
  c:\playpens\Catalyst\Platform\src\Ptc.Platform.Web\Package\Package.package : warning SPT6: The Project Item "StructureViewWebPart" is included in the following Features: PlatformWebParts, StructureBrowser [c:\playpens\Catalyst\Platform\src\Ptc.Platform.Web\Ptc.Platform.Web.csproj]


"c:\playpens\Catalyst\SPG.build" (BuildNoTestAndPackage target) (1) ->
"c:\playpens\Catalyst\Platform\Platform.build" (BuildNoTest target) (2) ->
"c:\playpens\Catalyst\Platform\src\Build\PlatformBuild.proj" (Build target) (3) ->
"c:\playpens\Catalyst\Platform\src\Ptc.Platform.ShowcaseSiteTemplate\Ptc.Platform.ShowcaseSiteTemplate.csproj" (Package target) (22:3) ->
  c:\playpens\Catalyst\Platform\src\Ptc.Platform.ShowcaseSiteTemplate\Package\Package.package : warning SPT6: The Project Item "TestPages" is included in the following Features: SiteLibraryAndPages, DemoSite [c:\playpens\Catalyst\Platform\src\Ptc.Platform.ShowcaseSiteTemplate\Ptc.Platform.ShowcaseSiteTemplate.csproj]
  c:\playpens\Catalyst\Platform\src\Ptc.Platform.ShowcaseSiteTemplate\Package\Package.package : warning SPT6: The Project Item "Test Items" is included in the following Features: SiteLibraryAndPages, DemoSite [c:\playpens\Catalyst\Platform\src\Ptc.Platform.ShowcaseSiteTemplate\Ptc.Platform.ShowcaseSiteTemplate.csproj]
  c:\playpens\Catalyst\Platform\src\Ptc.Platform.ShowcaseSiteTemplate\Package\Package.package : warning SPT6: The Project Item "StructureLibrary" is included in the following Features: DemoSite, StructureBrowser [c:\playpens\Catalyst\Platform\src\Ptc.Platform.ShowcaseSiteTemplate\Ptc.Platform.ShowcaseSiteTemplate.csproj]


"c:\playpens\Catalyst\SPG.build" (BuildNoTestAndPackage target) (1) ->
"c:\playpens\Catalyst\PPM\PPM.build" (BuildAndPackage target) (31) ->
(BuildNoTest target) ->
  c:\playpens\Catalyst\PPM\src\Ptc.Ppm.Core\Features\NPDSiteFeature\NPDSiteFeature.feature : warning SPT11: The Feature contains multiple project items with the name "AllGatesList". [c:\playpens\Catalyst\PPM\src\Ptc.Ppm.Core\Ptc.Ppm.Core.csproj] [c:\playpens\Catalyst\PPM\PPM.build]
  c:\playpens\Catalyst\PPM\src\Ptc.Ppm.Core2\Features\NPDSiteFeature\NPDSiteFeature.feature : warning SPT11: The Feature contains multiple project items with the name "AllGatesList". [c:\playpens\Catalyst\PPM\src\Ptc.Ppm.Core\Ptc.Ppm.Core.csproj] [c:\playpens\Catalyst\PPM\PPM.build]


"c:\playpens\Catalyst\SPG.build" (BuildNoTestAndPackage target) (1) ->
"c:\playpens\Catalyst\PPM\PPM.build" (BuildAndPackage target) (31) ->
"c:\playpens\Catalyst\PPM\tools\Ptc.Ppm.Configurator\src\PPMConfigurator.sln" (Build target) (32) ->
"c:\playpens\Catalyst\PPM\tools\Ptc.Ppm.Configurator\src\Ptc.Ppm.PpmInstaller\Ptc.Ppm.PpmInstaller.csproj" (default target) (33) ->
(CoreCompile target) ->
  PpmInstaller.Designer.cs(29,22): warning CS0114: 'Ptc.Ppm.PpmInstaller.PpmInstaller.InitializeComponent()' hides inherited member 'Ptc.Platform.Forms.Wizard.WizardControl.InitializeComponent()'. To make the current member override that implementation, add the override keyword. Otherwise add the new keyword. [c:\playpens\Catalyst\PPM\tools\Ptc.Ppm.Configurator\src\Ptc.Ppm.PpmInstaller\Ptc.Ppm.PpmInstaller.csproj]
  PWAUtility.cs(19,35): warning CS0618: 'System.Configuration.ConfigurationSettings.AppSettings' is obsolete: 'This method is obsolete, it has been replaced by System.Configuration!System.Configuration.ConfigurationManager.AppSettings' [c:\playpens\Catalyst\PPM\tools\Ptc.Ppm.Configurator\src\Ptc.Ppm.PpmInstaller\Ptc.Ppm.PpmInstaller.csproj]
  FinishStep.Designer.cs(8,50): warning CS0649: Field 'Ptc.Ppm.PpmInstaller.FinishStep.components' is never assigned to, and will always have its default value null [c:\playpens\Catalyst\PPM\tools\Ptc.Ppm.Configurator\src\Ptc.Ppm.PpmInstaller\Ptc.Ppm.PpmInstaller.csproj]
  LoadPWAApps.Designer.cs(8,50): warning CS0649: Field 'Ptc.Ppm.PpmInstaller.LoadPWAApps.components' is never assigned to, and will always have its default value null [c:\playpens\Catalyst\PPM\tools\Ptc.Ppm.Configurator\src\Ptc.Ppm.PpmInstaller\Ptc.Ppm.PpmInstaller.csproj]
  PrecheckControl.Designer.cs(8,50): warning CS0649: Field 'Ptc.Ppm.PtcPpmInstaller.PreCheckControl.components' is never assigned to, and will always have its default value null [c:\playpens\Catalyst\PPM\tools\Ptc.Ppm.Configurator\src\Ptc.Ppm.PpmInstaller\Ptc.Ppm.PpmInstaller.csproj]

    12 Warning(s)
    0 Error(s)

Time Elapsed 00:03:45.35


<stdout>(980): warning #177: label "find_rule" was declared but never referenced
  find_rule: /* we branch to this label when backing up */
  ^

<stdout>(2454): warning #177: function "yy_flex_strlen" was declared but never referenced
  static int yy_flex_strlen (yyconst char * s )
             ^

D:\hudson\workspace\continuous-snext-main-Win32\trunk\src\engine\AllocationProfiler.cpp(120): warning #1786: function "fopen" (declared at line 237 of "C:\Program Files\Microsoft Visual Studio 9.0\VC\INCLUDE\stdio.h") was declared "deprecated ("This function or variable may be unsafe. Consider using fopen_s instead. To disable deprecation, use _CRT_SECURE_NO_WARNINGS. See online help for details.") "
      FILE* fout = fopen("GCStats.txt", "wt");
                   ^
D:\hudson\workspace\continuous-snext-main-Win32\trunk\src\engine\AllocationProfiler.cpp(120): error #1786: function "fopen" (declared at line 237 of "C:\Program Files\Microsoft Visual Studio 9.0\VC\INCLUDE\stdio.h") was declared "deprecated ("This function or variable may be unsafe. Consider using fopen_s instead. To disable deprecation, use _CRT_SECURE_NO_WARNINGS. See online help for details.") "
      FILE* fout = fopen("GCStats.txt", "wt");
                   ^

First for Ant javac or pure javac

    [javac] D:\path\to\my\Class.java:225: warning: [deprecation] loadAvailable(java.lang.String,int,int,java.lang.String[]) in my.OtherClass has been deprecated
    [javac]         oc.loadAvailable("roottest.xml", 0xFFF, 0xFFFF, new String[]{"filter"});
    [javac]               ^

Then for maven javac

[WARNING] D:\path\to\my\Class.java:[14,39] [deprecation] loadAvailable(java.lang.String,int,int,java.lang.String[]) in my.OtherClass has been deprecated

-artifact.build:
    [compc] Loading configuration file D:\workspaces\flexcompo_trunkdev_nightly\win32_x86\release\bin\tp.adobe.flex.sdk\flex_sdk\frameworks\flex-config.xml
    [compc] D:\workspaces\flexcompo_trunkdev_nightly\src\flexcompo\uicomponents\ugv_component\src\main\com\company\flex\feed\FeedStructureHelper.as(34): col: 8 Warning: class 'FeedStructureHelper' will be scoped to the default namespace: com.company.flex.feed internal.  It will not be visible outside of this package.
    [compc]
    [compc] 	class FeedStructureHelper
    [compc] 	      ^
    [compc]
    [compc] D:\workspaces\flexcompo_trunkdev_nightly\src\flexcompo\uicomponents\ugv_component\src\main\com\company\flex\component\chart\lasso\DefaultLassoObjectsHandler.as(122): col: 25 Warning: Duplicate variable definition.
    [compc]
    [compc]                     var dc:DataContext = renderer.getDataContext(rawObject, rdrCtx);
    [compc]                         ^
    [compc]
    [compc] D:\workspaces\flexcompo_trunkdev_nightly\win32_x86\release\obj\flexcompo\flex\bin\ugv.swc (1553912 bytes)

shared.build.flex.-public.artifact.out:

-artifact.build:
    [mxmlc] Loading configuration file D:\workspaces\flexcompo_trunkdev_nightly\win32_x86\release\bin\tp.adobe.flex.sdk\flex_sdk\frameworks\flex-config.xml
    [mxmlc] D:\workspaces\flexcompo_trunkdev_nightly\src\flexcompo\samples\ugv_helloExtensibility_flex\src\main\extensibility\wordpress\Tag.as(115): col: 35 Warning: return value for function 'cx' has no type declaration.
    [mxmlc]
    [mxmlc] 		public function set cx( n:Number ){ _cx = n }
    [mxmlc] 		                                ^
    [mxmlc]
    [mxmlc] D:\workspaces\flexcompo_trunkdev_nightly\src\flexcompo\samples\ugv_helloExtensibility_flex\src\main\HelloExtensibleWorld.mxml(157): Warning: var 'cacheList' will be scoped to the default namespace: HelloExtensibleWorld: internal.  It will not be visible outside of this package.
    [mxmlc]
    [mxmlc] 			var cacheList:Dictionary = new Dictionary();
    [mxmlc]
    [mxmlc] D:\workspaces\flexcompo_trunkdev_nightly\src\flexcompo\samples\ugv_helloExtensibility_flex\src\main\HelloExtensibleWorld.mxml(148): Warning: The CSS type selector 'Book' was not processed, because the type was not used in the application.
    [mxmlc]
    [mxmlc] 				catalog_.requestServerBooks();
    [mxmlc]
    [mxmlc]
    [mxmlc] D:\workspaces\flexcompo_trunkdev_nightly\win32_x86\release\obj\flexcompo\flex\bin\HelloExtensibleWorld.swf (1445144 bytes)

-artifact.out:


//error_reporting=2
PHP Warning:  include_once(): Failed opening 'RegexpLineParser.php' for inclusion (include_path='.:/usr/share/pear') in PhpParser.php on line 25
//error_reporting=8
PHP Notice:  Undefined index:  SERVER_NAME in /path/to/file/Settings.php on line 25

PHP Fatal error:  Undefined class constant 'MESSAGE' in /MyPhpFile.php on line 35

From Apache log
[Tue Mar 02 08:22:40 2010] [error] [client 192.168.1.172] PHP Warning:  Missing argument 1 for Title::getText(), called in Title.php on line 22 and defined in Category.php on line 34